{"/Users/andeladeveloper/Documents/Sims Project/ET-cfh/backend-test/article/model.js":{"path":"/Users/andeladeveloper/Documents/Sims Project/ET-cfh/backend-test/article/model.js","statementMap":{},"fnMap":{},"branchMap":{},"s":{},"f":{},"b":{},"_coverageSchema":"332fd63041d2c1bcb487cc26dd0d5f7d97098a6c","hash":"800713987f4ed68d717783d0eeba8773af5cc0d1","contentHash":"6cbdfb4506b96650fd843f287c1e25bd_12.0.2"},"/Users/andeladeveloper/Documents/Sims Project/ET-cfh/backend-test/game/game.js":{"path":"/Users/andeladeveloper/Documents/Sims Project/ET-cfh/backend-test/game/game.js","statementMap":{"0":{"start":{"line":1,"column":13},"end":{"line":1,"column":30}},"1":{"start":{"line":2,"column":9},"end":{"line":2,"column":36}},"2":{"start":{"line":3,"column":13},"end":{"line":3,"column":43}},"3":{"start":{"line":5,"column":16},"end":{"line":5,"column":49}},"4":{"start":{"line":7,"column":14},"end":{"line":10,"column":1}},"5":{"start":{"line":12,"column":17},"end":{"line":12,"column":31}},"6":{"start":{"line":13,"column":17},"end":{"line":13,"column":33}},"7":{"start":{"line":14,"column":17},"end":{"line":14,"column":32}},"8":{"start":{"line":16,"column":0},"end":{"line":168,"column":3}},"9":{"start":{"line":18,"column":2},"end":{"line":28,"column":5}},"10":{"start":{"line":19,"column":18},"end":{"line":19,"column":48}},"11":{"start":{"line":20,"column":21},"end":{"line":23,"column":5}},"12":{"start":{"line":21,"column":6},"end":{"line":21,"column":27}},"13":{"start":{"line":22,"column":6},"end":{"line":22,"column":13}},"14":{"start":{"line":24,"column":4},"end":{"line":27,"column":7}},"15":{"start":{"line":25,"column":6},"end":{"line":25,"column":89}},"16":{"start":{"line":26,"column":6},"end":{"line":26,"column":33}},"17":{"start":{"line":30,"column":2},"end":{"line":43,"column":5}},"18":{"start":{"line":31,"column":18},"end":{"line":31,"column":48}},"19":{"start":{"line":32,"column":21},"end":{"line":35,"column":5}},"20":{"start":{"line":33,"column":6},"end":{"line":33,"column":27}},"21":{"start":{"line":34,"column":6},"end":{"line":34,"column":13}},"22":{"start":{"line":36,"column":4},"end":{"line":42,"column":7}},"23":{"start":{"line":37,"column":6},"end":{"line":37,"column":89}},"24":{"start":{"line":38,"column":6},"end":{"line":40,"column":9}},"25":{"start":{"line":39,"column":8},"end":{"line":39,"column":40}},"26":{"start":{"line":41,"column":6},"end":{"line":41,"column":33}},"27":{"start":{"line":45,"column":2},"end":{"line":64,"column":5}},"28":{"start":{"line":46,"column":18},"end":{"line":46,"column":48}},"29":{"start":{"line":48,"column":21},"end":{"line":52,"column":5}},"30":{"start":{"line":49,"column":6},"end":{"line":49,"column":27}},"31":{"start":{"line":50,"column":6},"end":{"line":50,"column":27}},"32":{"start":{"line":51,"column":6},"end":{"line":51,"column":13}},"33":{"start":{"line":53,"column":4},"end":{"line":63,"column":7}},"34":{"start":{"line":54,"column":6},"end":{"line":54,"column":89}},"35":{"start":{"line":55,"column":6},"end":{"line":55,"column":47}},"36":{"start":{"line":56,"column":6},"end":{"line":61,"column":9}},"37":{"start":{"line":57,"column":8},"end":{"line":57,"column":91}},"38":{"start":{"line":58,"column":8},"end":{"line":60,"column":11}},"39":{"start":{"line":59,"column":10},"end":{"line":59,"column":67}},"40":{"start":{"line":62,"column":6},"end":{"line":62,"column":33}},"41":{"start":{"line":66,"column":2},"end":{"line":100,"column":5}},"42":{"start":{"line":68,"column":4},"end":{"line":68,"column":45}},"43":{"start":{"line":69,"column":21},"end":{"line":74,"column":5}},"44":{"start":{"line":70,"column":6},"end":{"line":70,"column":27}},"45":{"start":{"line":71,"column":6},"end":{"line":71,"column":27}},"46":{"start":{"line":72,"column":6},"end":{"line":72,"column":27}},"47":{"start":{"line":73,"column":6},"end":{"line":73,"column":13}},"48":{"start":{"line":75,"column":26},"end":{"line":87,"column":5}},"49":{"start":{"line":76,"column":6},"end":{"line":76,"column":32}},"50":{"start":{"line":77,"column":6},"end":{"line":79,"column":9}},"51":{"start":{"line":78,"column":8},"end":{"line":78,"column":63}},"52":{"start":{"line":80,"column":6},"end":{"line":82,"column":9}},"53":{"start":{"line":81,"column":8},"end":{"line":81,"column":63}},"54":{"start":{"line":83,"column":6},"end":{"line":85,"column":9}},"55":{"start":{"line":84,"column":8},"end":{"line":84,"column":63}},"56":{"start":{"line":86,"column":6},"end":{"line":86,"column":33}},"57":{"start":{"line":88,"column":4},"end":{"line":99,"column":7}},"58":{"start":{"line":89,"column":6},"end":{"line":89,"column":89}},"59":{"start":{"line":90,"column":6},"end":{"line":90,"column":47}},"60":{"start":{"line":91,"column":6},"end":{"line":98,"column":9}},"61":{"start":{"line":92,"column":8},"end":{"line":92,"column":91}},"62":{"start":{"line":93,"column":8},"end":{"line":93,"column":49}},"63":{"start":{"line":94,"column":8},"end":{"line":97,"column":11}},"64":{"start":{"line":95,"column":10},"end":{"line":95,"column":93}},"65":{"start":{"line":96,"column":10},"end":{"line":96,"column":42}},"66":{"start":{"line":102,"column":2},"end":{"line":167,"column":5}},"67":{"start":{"line":104,"column":4},"end":{"line":104,"column":45}},"68":{"start":{"line":105,"column":21},"end":{"line":113,"column":5}},"69":{"start":{"line":106,"column":6},"end":{"line":106,"column":27}},"70":{"start":{"line":107,"column":6},"end":{"line":107,"column":27}},"71":{"start":{"line":108,"column":6},"end":{"line":108,"column":27}},"72":{"start":{"line":109,"column":6},"end":{"line":109,"column":27}},"73":{"start":{"line":110,"column":6},"end":{"line":110,"column":27}},"74":{"start":{"line":111,"column":6},"end":{"line":111,"column":27}},"75":{"start":{"line":112,"column":6},"end":{"line":112,"column":13}},"76":{"start":{"line":114,"column":26},"end":{"line":135,"column":5}},"77":{"start":{"line":115,"column":6},"end":{"line":115,"column":32}},"78":{"start":{"line":116,"column":6},"end":{"line":118,"column":9}},"79":{"start":{"line":117,"column":8},"end":{"line":117,"column":63}},"80":{"start":{"line":119,"column":6},"end":{"line":121,"column":9}},"81":{"start":{"line":120,"column":8},"end":{"line":120,"column":63}},"82":{"start":{"line":122,"column":6},"end":{"line":124,"column":9}},"83":{"start":{"line":123,"column":8},"end":{"line":123,"column":63}},"84":{"start":{"line":125,"column":6},"end":{"line":127,"column":9}},"85":{"start":{"line":126,"column":8},"end":{"line":126,"column":63}},"86":{"start":{"line":128,"column":6},"end":{"line":130,"column":9}},"87":{"start":{"line":129,"column":8},"end":{"line":129,"column":63}},"88":{"start":{"line":131,"column":6},"end":{"line":133,"column":9}},"89":{"start":{"line":132,"column":8},"end":{"line":132,"column":63}},"90":{"start":{"line":134,"column":6},"end":{"line":134,"column":33}},"91":{"start":{"line":136,"column":4},"end":{"line":166,"column":7}},"92":{"start":{"line":137,"column":6},"end":{"line":137,"column":88}},"93":{"start":{"line":138,"column":26},"end":{"line":138,"column":30}},"94":{"start":{"line":139,"column":6},"end":{"line":165,"column":9}},"95":{"start":{"line":140,"column":21},"end":{"line":140,"column":32}},"96":{"start":{"line":141,"column":8},"end":{"line":164,"column":9}},"97":{"start":{"line":142,"column":10},"end":{"line":142,"column":51}},"98":{"start":{"line":143,"column":10},"end":{"line":143,"column":32}},"99":{"start":{"line":144,"column":10},"end":{"line":163,"column":13}},"100":{"start":{"line":145,"column":12},"end":{"line":145,"column":99}},"101":{"start":{"line":146,"column":12},"end":{"line":146,"column":53}},"102":{"start":{"line":147,"column":12},"end":{"line":162,"column":15}},"103":{"start":{"line":148,"column":14},"end":{"line":148,"column":101}},"104":{"start":{"line":149,"column":14},"end":{"line":149,"column":55}},"105":{"start":{"line":150,"column":14},"end":{"line":161,"column":17}},"106":{"start":{"line":151,"column":16},"end":{"line":151,"column":103}},"107":{"start":{"line":152,"column":16},"end":{"line":152,"column":57}},"108":{"start":{"line":153,"column":16},"end":{"line":160,"column":19}},"109":{"start":{"line":154,"column":18},"end":{"line":154,"column":105}},"110":{"start":{"line":155,"column":18},"end":{"line":155,"column":59}},"111":{"start":{"line":156,"column":18},"end":{"line":159,"column":21}},"112":{"start":{"line":157,"column":20},"end":{"line":157,"column":107}},"113":{"start":{"line":158,"column":20},"end":{"line":158,"column":52}}},"fnMap":{"0":{"name":"(anonymous_0)","decl":{"start":{"line":16,"column":23},"end":{"line":16,"column":24}},"loc":{"start":{"line":16,"column":33},"end":{"line":168,"column":1}},"line":16},"1":{"name":"(anonymous_1)","decl":{"start":{"line":18,"column":43},"end":{"line":18,"column":44}},"loc":{"start":{"line":18,"column":58},"end":{"line":28,"column":3}},"line":18},"2":{"name":"(anonymous_2)","decl":{"start":{"line":20,"column":21},"end":{"line":20,"column":22}},"loc":{"start":{"line":20,"column":32},"end":{"line":23,"column":5}},"line":20},"3":{"name":"(anonymous_3)","decl":{"start":{"line":24,"column":26},"end":{"line":24,"column":27}},"loc":{"start":{"line":24,"column":40},"end":{"line":27,"column":5}},"line":24},"4":{"name":"(anonymous_4)","decl":{"start":{"line":30,"column":69},"end":{"line":30,"column":70}},"loc":{"start":{"line":30,"column":84},"end":{"line":43,"column":3}},"line":30},"5":{"name":"(anonymous_5)","decl":{"start":{"line":32,"column":21},"end":{"line":32,"column":22}},"loc":{"start":{"line":32,"column":32},"end":{"line":35,"column":5}},"line":32},"6":{"name":"(anonymous_6)","decl":{"start":{"line":36,"column":26},"end":{"line":36,"column":27}},"loc":{"start":{"line":36,"column":40},"end":{"line":42,"column":5}},"line":36},"7":{"name":"(anonymous_7)","decl":{"start":{"line":38,"column":31},"end":{"line":38,"column":32}},"loc":{"start":{"line":38,"column":46},"end":{"line":40,"column":7}},"line":38},"8":{"name":"(anonymous_8)","decl":{"start":{"line":45,"column":46},"end":{"line":45,"column":47}},"loc":{"start":{"line":45,"column":60},"end":{"line":64,"column":3}},"line":45},"9":{"name":"(anonymous_9)","decl":{"start":{"line":48,"column":21},"end":{"line":48,"column":22}},"loc":{"start":{"line":48,"column":32},"end":{"line":52,"column":5}},"line":48},"10":{"name":"(anonymous_10)","decl":{"start":{"line":53,"column":26},"end":{"line":53,"column":27}},"loc":{"start":{"line":53,"column":40},"end":{"line":63,"column":5}},"line":53},"11":{"name":"(anonymous_11)","decl":{"start":{"line":56,"column":28},"end":{"line":56,"column":29}},"loc":{"start":{"line":56,"column":43},"end":{"line":61,"column":7}},"line":56},"12":{"name":"(anonymous_12)","decl":{"start":{"line":58,"column":35},"end":{"line":58,"column":36}},"loc":{"start":{"line":58,"column":50},"end":{"line":60,"column":9}},"line":58},"13":{"name":"(anonymous_13)","decl":{"start":{"line":66,"column":70},"end":{"line":66,"column":71}},"loc":{"start":{"line":66,"column":84},"end":{"line":100,"column":3}},"line":66},"14":{"name":"(anonymous_14)","decl":{"start":{"line":69,"column":21},"end":{"line":69,"column":22}},"loc":{"start":{"line":69,"column":32},"end":{"line":74,"column":5}},"line":69},"15":{"name":"(anonymous_15)","decl":{"start":{"line":75,"column":26},"end":{"line":75,"column":27}},"loc":{"start":{"line":75,"column":37},"end":{"line":87,"column":5}},"line":75},"16":{"name":"(anonymous_16)","decl":{"start":{"line":77,"column":31},"end":{"line":77,"column":32}},"loc":{"start":{"line":77,"column":46},"end":{"line":79,"column":7}},"line":77},"17":{"name":"(anonymous_17)","decl":{"start":{"line":80,"column":31},"end":{"line":80,"column":32}},"loc":{"start":{"line":80,"column":46},"end":{"line":82,"column":7}},"line":80},"18":{"name":"(anonymous_18)","decl":{"start":{"line":83,"column":31},"end":{"line":83,"column":32}},"loc":{"start":{"line":83,"column":46},"end":{"line":85,"column":7}},"line":83},"19":{"name":"(anonymous_19)","decl":{"start":{"line":88,"column":26},"end":{"line":88,"column":27}},"loc":{"start":{"line":88,"column":40},"end":{"line":99,"column":5}},"line":88},"20":{"name":"(anonymous_20)","decl":{"start":{"line":91,"column":28},"end":{"line":91,"column":29}},"loc":{"start":{"line":91,"column":43},"end":{"line":98,"column":7}},"line":91},"21":{"name":"(anonymous_21)","decl":{"start":{"line":94,"column":30},"end":{"line":94,"column":31}},"loc":{"start":{"line":94,"column":45},"end":{"line":97,"column":9}},"line":94},"22":{"name":"(anonymous_22)","decl":{"start":{"line":102,"column":69},"end":{"line":102,"column":70}},"loc":{"start":{"line":102,"column":83},"end":{"line":167,"column":3}},"line":102},"23":{"name":"(anonymous_23)","decl":{"start":{"line":105,"column":21},"end":{"line":105,"column":22}},"loc":{"start":{"line":105,"column":32},"end":{"line":113,"column":5}},"line":105},"24":{"name":"(anonymous_24)","decl":{"start":{"line":114,"column":26},"end":{"line":114,"column":27}},"loc":{"start":{"line":114,"column":37},"end":{"line":135,"column":5}},"line":114},"25":{"name":"(anonymous_25)","decl":{"start":{"line":116,"column":31},"end":{"line":116,"column":32}},"loc":{"start":{"line":116,"column":46},"end":{"line":118,"column":7}},"line":116},"26":{"name":"(anonymous_26)","decl":{"start":{"line":119,"column":31},"end":{"line":119,"column":32}},"loc":{"start":{"line":119,"column":46},"end":{"line":121,"column":7}},"line":119},"27":{"name":"(anonymous_27)","decl":{"start":{"line":122,"column":31},"end":{"line":122,"column":32}},"loc":{"start":{"line":122,"column":46},"end":{"line":124,"column":7}},"line":122},"28":{"name":"(anonymous_28)","decl":{"start":{"line":125,"column":31},"end":{"line":125,"column":32}},"loc":{"start":{"line":125,"column":46},"end":{"line":127,"column":7}},"line":125},"29":{"name":"(anonymous_29)","decl":{"start":{"line":128,"column":31},"end":{"line":128,"column":32}},"loc":{"start":{"line":128,"column":46},"end":{"line":130,"column":7}},"line":128},"30":{"name":"(anonymous_30)","decl":{"start":{"line":131,"column":31},"end":{"line":131,"column":32}},"loc":{"start":{"line":131,"column":46},"end":{"line":133,"column":7}},"line":131},"31":{"name":"(anonymous_31)","decl":{"start":{"line":136,"column":26},"end":{"line":136,"column":27}},"loc":{"start":{"line":136,"column":40},"end":{"line":166,"column":5}},"line":136},"32":{"name":"(anonymous_32)","decl":{"start":{"line":139,"column":31},"end":{"line":139,"column":32}},"loc":{"start":{"line":139,"column":46},"end":{"line":165,"column":7}},"line":139},"33":{"name":"(anonymous_33)","decl":{"start":{"line":144,"column":32},"end":{"line":144,"column":33}},"loc":{"start":{"line":144,"column":47},"end":{"line":163,"column":11}},"line":144},"34":{"name":"(anonymous_34)","decl":{"start":{"line":147,"column":34},"end":{"line":147,"column":35}},"loc":{"start":{"line":147,"column":49},"end":{"line":162,"column":13}},"line":147},"35":{"name":"(anonymous_35)","decl":{"start":{"line":150,"column":36},"end":{"line":150,"column":37}},"loc":{"start":{"line":150,"column":51},"end":{"line":161,"column":15}},"line":150},"36":{"name":"(anonymous_36)","decl":{"start":{"line":153,"column":38},"end":{"line":153,"column":39}},"loc":{"start":{"line":153,"column":53},"end":{"line":160,"column":17}},"line":153},"37":{"name":"(anonymous_37)","decl":{"start":{"line":156,"column":40},"end":{"line":156,"column":41}},"loc":{"start":{"line":156,"column":55},"end":{"line":159,"column":19}},"line":156}},"branchMap":{"0":{"loc":{"start":{"line":141,"column":8},"end":{"line":164,"column":9}},"type":"if","locations":[{"start":{"line":141,"column":8},"end":{"line":164,"column":9}},{"start":{"line":141,"column":8},"end":{"line":164,"column":9}}],"line":141}},"s":{"0":1,"1":1,"2":1,"3":1,"4":1,"5":1,"6":1,"7":1,"8":1,"9":1,"10":1,"11":1,"12":1,"13":1,"14":1,"15":1,"16":1,"17":1,"18":1,"19":1,"20":1,"21":1,"22":1,"23":1,"24":1,"25":1,"26":1,"27":1,"28":1,"29":1,"30":1,"31":1,"32":1,"33":1,"34":1,"35":1,"36":1,"37":1,"38":1,"39":1,"40":1,"41":1,"42":1,"43":1,"44":1,"45":1,"46":1,"47":1,"48":1,"49":1,"50":1,"51":1,"52":1,"53":1,"54":1,"55":1,"56":1,"57":1,"58":1,"59":1,"60":1,"61":1,"62":1,"63":1,"64":1,"65":1,"66":1,"67":1,"68":1,"69":1,"70":1,"71":1,"72":1,"73":1,"74":1,"75":1,"76":1,"77":1,"78":1,"79":1,"80":1,"81":1,"82":1,"83":1,"84":1,"85":1,"86":1,"87":1,"88":1,"89":1,"90":1,"91":1,"92":1,"93":1,"94":1,"95":8,"96":8,"97":1,"98":1,"99":1,"100":1,"101":1,"102":1,"103":1,"104":1,"105":1,"106":1,"107":1,"108":1,"109":1,"110":1,"111":1,"112":1,"113":1},"f":{"0":1,"1":1,"2":1,"3":1,"4":1,"5":1,"6":1,"7":1,"8":1,"9":1,"10":1,"11":1,"12":1,"13":1,"14":1,"15":1,"16":1,"17":1,"18":1,"19":1,"20":1,"21":1,"22":1,"23":1,"24":1,"25":1,"26":1,"27":1,"28":1,"29":1,"30":1,"31":1,"32":8,"33":1,"34":1,"35":1,"36":1,"37":1},"b":{"0":[1,7]},"_coverageSchema":"332fd63041d2c1bcb487cc26dd0d5f7d97098a6c","hash":"805e68a4ebaf4affcb6867fa7d10b0ab30f672c3","contentHash":"7c04c90948da3953140050e78350ace0_12.0.2"},"/Users/andeladeveloper/Documents/Sims Project/ET-cfh/config/config.js":{"path":"/Users/andeladeveloper/Documents/Sims Project/ET-cfh/config/config.js","statementMap":{"0":{"start":{"line":1,"column":8},"end":{"line":1,"column":29}},"1":{"start":{"line":4,"column":0},"end":{"line":7,"column":2}}},"fnMap":{},"branchMap":{"0":{"loc":{"start":{"line":6,"column":2},"end":{"line":6,"column":78}},"type":"binary-expr","locations":[{"start":{"line":6,"column":2},"end":{"line":6,"column":72}},{"start":{"line":6,"column":76},"end":{"line":6,"column":78}}],"line":6}},"s":{"0":1,"1":1},"f":{},"b":{"0":[1,0]},"_coverageSchema":"332fd63041d2c1bcb487cc26dd0d5f7d97098a6c","hash":"bbd192d188cefbd06642ab2ad72a212906749776","contentHash":"0e5455442df50a573107bc49bddbe10d_12.0.2"},"/Users/andeladeveloper/Documents/Sims Project/ET-cfh/config/env/all.js":{"path":"/Users/andeladeveloper/Documents/Sims Project/ET-cfh/config/env/all.js","statementMap":{"0":{"start":{"line":1,"column":11},"end":{"line":1,"column":26}},"1":{"start":{"line":2,"column":11},"end":{"line":2,"column":47}},"2":{"start":{"line":3,"column":0},"end":{"line":3,"column":27}},"3":{"start":{"line":4,"column":11},"end":{"line":4,"column":33}},"4":{"start":{"line":6,"column":0},"end":{"line":10,"column":2}}},"fnMap":{},"branchMap":{"0":{"loc":{"start":{"line":8,"column":7},"end":{"line":8,"column":31}},"type":"binary-expr","locations":[{"start":{"line":8,"column":7},"end":{"line":8,"column":23}},{"start":{"line":8,"column":27},"end":{"line":8,"column":31}}],"line":8}},"s":{"0":1,"1":1,"2":1,"3":1,"4":1},"f":{},"b":{"0":[1,1]},"_coverageSchema":"332fd63041d2c1bcb487cc26dd0d5f7d97098a6c","hash":"2d37c48c7f8ebdebd4ddd386df8c7a88b17f21c5","contentHash":"ff384c4dc01260a50fb3c50bbf23e74d_12.0.2"},"/Users/andeladeveloper/Documents/Sims Project/ET-cfh/config/env/test.js":{"path":"/Users/andeladeveloper/Documents/Sims Project/ET-cfh/config/env/test.js","statementMap":{"0":{"start":{"line":1,"column":0},"end":{"line":1,"column":27}},"1":{"start":{"line":2,"column":0},"end":{"line":28,"column":2}}},"fnMap":{},"branchMap":{},"s":{"0":1,"1":1},"f":{},"b":{},"_coverageSchema":"332fd63041d2c1bcb487cc26dd0d5f7d97098a6c","hash":"29e61cc10b40c82ffb2e1b4a1d62e661b3d7efc9","contentHash":"8719c2eb1ec7e16936759aca8eefe7db_12.0.2"},"/Users/andeladeveloper/Documents/Sims Project/ET-cfh/backend-test/user/model.js":{"path":"/Users/andeladeveloper/Documents/Sims Project/ET-cfh/backend-test/user/model.js","statementMap":{"0":{"start":{"line":4,"column":13},"end":{"line":4,"column":30}},"1":{"start":{"line":5,"column":10},"end":{"line":5,"column":33}},"2":{"start":{"line":6,"column":15},"end":{"line":6,"column":34}},"3":{"start":{"line":7,"column":11},"end":{"line":7,"column":33}},"4":{"start":{"line":13,"column":0},"end":{"line":47,"column":3}},"5":{"start":{"line":14,"column":4},"end":{"line":46,"column":7}},"6":{"start":{"line":15,"column":8},"end":{"line":24,"column":11}},"7":{"start":{"line":16,"column":12},"end":{"line":21,"column":15}},"8":{"start":{"line":23,"column":12},"end":{"line":23,"column":19}},"9":{"start":{"line":26,"column":8},"end":{"line":41,"column":11}},"10":{"start":{"line":27,"column":12},"end":{"line":32,"column":15}},"11":{"start":{"line":28,"column":16},"end":{"line":31,"column":19}},"12":{"start":{"line":29,"column":20},"end":{"line":29,"column":42}},"13":{"start":{"line":30,"column":20},"end":{"line":30,"column":27}},"14":{"start":{"line":34,"column":12},"end":{"line":40,"column":15}},"15":{"start":{"line":35,"column":16},"end":{"line":35,"column":31}},"16":{"start":{"line":36,"column":16},"end":{"line":39,"column":19}},"17":{"start":{"line":37,"column":20},"end":{"line":37,"column":38}},"18":{"start":{"line":38,"column":20},"end":{"line":38,"column":27}},"19":{"start":{"line":43,"column":8},"end":{"line":45,"column":11}},"20":{"start":{"line":44,"column":12},"end":{"line":44,"column":19}}},"fnMap":{"0":{"name":"(anonymous_0)","decl":{"start":{"line":13,"column":24},"end":{"line":13,"column":25}},"loc":{"start":{"line":13,"column":35},"end":{"line":47,"column":1}},"line":13},"1":{"name":"(anonymous_1)","decl":{"start":{"line":14,"column":28},"end":{"line":14,"column":29}},"loc":{"start":{"line":14,"column":39},"end":{"line":46,"column":5}},"line":14},"2":{"name":"(anonymous_2)","decl":{"start":{"line":15,"column":15},"end":{"line":15,"column":16}},"loc":{"start":{"line":15,"column":30},"end":{"line":24,"column":9}},"line":15},"3":{"name":"(anonymous_3)","decl":{"start":{"line":26,"column":32},"end":{"line":26,"column":33}},"loc":{"start":{"line":26,"column":43},"end":{"line":41,"column":9}},"line":26},"4":{"name":"(anonymous_4)","decl":{"start":{"line":27,"column":59},"end":{"line":27,"column":60}},"loc":{"start":{"line":27,"column":74},"end":{"line":32,"column":13}},"line":27},"5":{"name":"(anonymous_5)","decl":{"start":{"line":28,"column":33},"end":{"line":28,"column":34}},"loc":{"start":{"line":28,"column":47},"end":{"line":31,"column":17}},"line":28},"6":{"name":"(anonymous_6)","decl":{"start":{"line":34,"column":79},"end":{"line":34,"column":80}},"loc":{"start":{"line":34,"column":94},"end":{"line":40,"column":13}},"line":34},"7":{"name":"(anonymous_7)","decl":{"start":{"line":36,"column":33},"end":{"line":36,"column":34}},"loc":{"start":{"line":36,"column":47},"end":{"line":39,"column":17}},"line":36},"8":{"name":"(anonymous_8)","decl":{"start":{"line":43,"column":14},"end":{"line":43,"column":15}},"loc":{"start":{"line":43,"column":29},"end":{"line":45,"column":9}},"line":43}},"branchMap":{},"s":{"0":1,"1":1,"2":1,"3":1,"4":1,"5":1,"6":1,"7":1,"8":1,"9":1,"10":1,"11":1,"12":1,"13":1,"14":1,"15":1,"16":1,"17":1,"18":1,"19":1,"20":1},"f":{"0":1,"1":1,"2":1,"3":1,"4":1,"5":1,"6":1,"7":1,"8":1},"b":{},"_coverageSchema":"332fd63041d2c1bcb487cc26dd0d5f7d97098a6c","hash":"563ab38d8faf73aef3d67988bf789347d21a98eb","contentHash":"c19b7728ae195b9180402dec97f16a46_12.0.2"},"/Users/andeladeveloper/Documents/Sims Project/ET-cfh/server.js":{"path":"/Users/andeladeveloper/Documents/Sims Project/ET-cfh/server.js","statementMap":{"0":{"start":{"line":1,"column":0},"end":{"line":1,"column":27}},"1":{"start":{"line":5,"column":16},"end":{"line":5,"column":34}},"2":{"start":{"line":6,"column":11},"end":{"line":6,"column":24}},"3":{"start":{"line":7,"column":17},"end":{"line":7,"column":36}},"4":{"start":{"line":8,"column":15},"end":{"line":8,"column":37}},"5":{"start":{"line":9,"column":11},"end":{"line":9,"column":31}},"6":{"start":{"line":18,"column":0},"end":{"line":18,"column":61}},"7":{"start":{"line":19,"column":17},"end":{"line":19,"column":36}},"8":{"start":{"line":20,"column":15},"end":{"line":20,"column":41}},"9":{"start":{"line":21,"column":13},"end":{"line":21,"column":58}},"10":{"start":{"line":24,"column":0},"end":{"line":24,"column":37}},"11":{"start":{"line":27,"column":19},"end":{"line":27,"column":44}},"12":{"start":{"line":28,"column":13},"end":{"line":42,"column":1}},"13":{"start":{"line":29,"column":2},"end":{"line":41,"column":5}},"14":{"start":{"line":30,"column":20},"end":{"line":30,"column":37}},"15":{"start":{"line":31,"column":17},"end":{"line":31,"column":37}},"16":{"start":{"line":32,"column":4},"end":{"line":40,"column":5}},"17":{"start":{"line":33,"column":6},"end":{"line":37,"column":7}},"18":{"start":{"line":36,"column":8},"end":{"line":36,"column":25}},"19":{"start":{"line":38,"column":11},"end":{"line":40,"column":5}},"20":{"start":{"line":39,"column":6},"end":{"line":39,"column":20}},"21":{"start":{"line":43,"column":0},"end":{"line":43,"column":17}},"22":{"start":{"line":46,"column":0},"end":{"line":46,"column":39}},"23":{"start":{"line":48,"column":12},"end":{"line":48,"column":21}},"24":{"start":{"line":50,"column":0},"end":{"line":52,"column":3}},"25":{"start":{"line":51,"column":2},"end":{"line":51,"column":9}},"26":{"start":{"line":55,"column":0},"end":{"line":55,"column":53}},"27":{"start":{"line":58,"column":0},"end":{"line":58,"column":48}},"28":{"start":{"line":61,"column":17},"end":{"line":61,"column":23}},"29":{"start":{"line":62,"column":15},"end":{"line":62,"column":31}},"30":{"start":{"line":63,"column":14},"end":{"line":63,"column":47}},"31":{"start":{"line":65,"column":0},"end":{"line":65,"column":41}},"32":{"start":{"line":68,"column":0},"end":{"line":68,"column":51}},"33":{"start":{"line":71,"column":0},"end":{"line":71,"column":37}},"34":{"start":{"line":74,"column":0},"end":{"line":74,"column":21}}},"fnMap":{"0":{"name":"(anonymous_0)","decl":{"start":{"line":28,"column":13},"end":{"line":28,"column":14}},"loc":{"start":{"line":28,"column":23},"end":{"line":42,"column":1}},"line":28},"1":{"name":"(anonymous_1)","decl":{"start":{"line":29,"column":31},"end":{"line":29,"column":32}},"loc":{"start":{"line":29,"column":41},"end":{"line":41,"column":3}},"line":29},"2":{"name":"(anonymous_2)","decl":{"start":{"line":50,"column":8},"end":{"line":50,"column":9}},"loc":{"start":{"line":50,"column":28},"end":{"line":52,"column":1}},"line":50}},"branchMap":{"0":{"loc":{"start":{"line":18,"column":23},"end":{"line":18,"column":60}},"type":"binary-expr","locations":[{"start":{"line":18,"column":23},"end":{"line":18,"column":43}},{"start":{"line":18,"column":47},"end":{"line":18,"column":60}}],"line":18},"1":{"loc":{"start":{"line":32,"column":4},"end":{"line":40,"column":5}},"type":"if","locations":[{"start":{"line":32,"column":4},"end":{"line":40,"column":5}},{"start":{"line":32,"column":4},"end":{"line":40,"column":5}}],"line":32},"2":{"loc":{"start":{"line":33,"column":6},"end":{"line":37,"column":7}},"type":"if","locations":[{"start":{"line":33,"column":6},"end":{"line":37,"column":7}},{"start":{"line":33,"column":6},"end":{"line":37,"column":7}}],"line":33},"3":{"loc":{"start":{"line":38,"column":11},"end":{"line":40,"column":5}},"type":"if","locations":[{"start":{"line":38,"column":11},"end":{"line":40,"column":5}},{"start":{"line":38,"column":11},"end":{"line":40,"column":5}}],"line":38}},"s":{"0":1,"1":1,"2":1,"3":1,"4":1,"5":1,"6":1,"7":1,"8":1,"9":1,"10":1,"11":1,"12":1,"13":1,"14":3,"15":3,"16":3,"17":3,"18":3,"19":0,"20":0,"21":1,"22":1,"23":1,"24":1,"25":0,"26":1,"27":1,"28":1,"29":1,"30":1,"31":1,"32":1,"33":1,"34":1},"f":{"0":1,"1":3,"2":0},"b":{"0":[1,0],"1":[3,0],"2":[3,0],"3":[0,0]},"_coverageSchema":"332fd63041d2c1bcb487cc26dd0d5f7d97098a6c","hash":"275e63ac9afb9cd42a342c98465c960c691cdc71","contentHash":"38b933df34575a5e218c78c528bf2806_12.0.2"},"/Users/andeladeveloper/Documents/Sims Project/ET-cfh/config/middlewares/authorization.js":{"path":"/Users/andeladeveloper/Documents/Sims Project/ET-cfh/config/middlewares/authorization.js","statementMap":{"0":{"start":{"line":4,"column":0},"end":{"line":9,"column":2}},"1":{"start":{"line":5,"column":4},"end":{"line":7,"column":5}},"2":{"start":{"line":6,"column":8},"end":{"line":6,"column":55}},"3":{"start":{"line":8,"column":4},"end":{"line":8,"column":11}},"4":{"start":{"line":14,"column":0},"end":{"line":21,"column":2}},"5":{"start":{"line":16,"column":8},"end":{"line":18,"column":9}},"6":{"start":{"line":17,"column":12},"end":{"line":17,"column":59}},"7":{"start":{"line":19,"column":8},"end":{"line":19,"column":15}}},"fnMap":{"0":{"name":"(anonymous_0)","decl":{"start":{"line":4,"column":24},"end":{"line":4,"column":25}},"loc":{"start":{"line":4,"column":49},"end":{"line":9,"column":1}},"line":4},"1":{"name":"(anonymous_1)","decl":{"start":{"line":15,"column":22},"end":{"line":15,"column":23}},"loc":{"start":{"line":15,"column":47},"end":{"line":20,"column":5}},"line":15}},"branchMap":{"0":{"loc":{"start":{"line":5,"column":4},"end":{"line":7,"column":5}},"type":"if","locations":[{"start":{"line":5,"column":4},"end":{"line":7,"column":5}},{"start":{"line":5,"column":4},"end":{"line":7,"column":5}}],"line":5},"1":{"loc":{"start":{"line":16,"column":8},"end":{"line":18,"column":9}},"type":"if","locations":[{"start":{"line":16,"column":8},"end":{"line":18,"column":9}},{"start":{"line":16,"column":8},"end":{"line":18,"column":9}}],"line":16}},"s":{"0":1,"1":0,"2":0,"3":0,"4":1,"5":0,"6":0,"7":0},"f":{"0":0,"1":0},"b":{"0":[0,0],"1":[0,0]},"_coverageSchema":"332fd63041d2c1bcb487cc26dd0d5f7d97098a6c","hash":"0b1eef8ddc9d8ac35fa028bf1b6c46d5735326d4","contentHash":"02f3e86c58f3207289ffde07c624c866_12.0.2"},"/Users/andeladeveloper/Documents/Sims Project/ET-cfh/app/models/answer.js":{"path":"/Users/andeladeveloper/Documents/Sims Project/ET-cfh/app/models/answer.js","statementMap":{"0":{"start":{"line":4,"column":15},"end":{"line":4,"column":34}},"1":{"start":{"line":5,"column":13},"end":{"line":5,"column":43}},"2":{"start":{"line":6,"column":13},"end":{"line":6,"column":28}},"3":{"start":{"line":11,"column":19},"end":{"line":28,"column":2}},"4":{"start":{"line":33,"column":0},"end":{"line":39,"column":2}},"5":{"start":{"line":35,"column":8},"end":{"line":37,"column":35}},"6":{"start":{"line":41,"column":0},"end":{"line":41,"column":39}}},"fnMap":{"0":{"name":"(anonymous_0)","decl":{"start":{"line":34,"column":10},"end":{"line":34,"column":11}},"loc":{"start":{"line":34,"column":27},"end":{"line":38,"column":5}},"line":34}},"branchMap":{},"s":{"0":1,"1":1,"2":1,"3":1,"4":1,"5":0,"6":1},"f":{"0":0},"b":{},"_coverageSchema":"332fd63041d2c1bcb487cc26dd0d5f7d97098a6c","hash":"943a18bb296e36f1d96d06e50aac104355e42b58","contentHash":"c8b0c3c1933caaf917e02d879f0f8167_12.0.2"},"/Users/andeladeveloper/Documents/Sims Project/ET-cfh/app/models/question.js":{"path":"/Users/andeladeveloper/Documents/Sims Project/ET-cfh/app/models/question.js","statementMap":{"0":{"start":{"line":4,"column":15},"end":{"line":4,"column":34}},"1":{"start":{"line":5,"column":13},"end":{"line":5,"column":43}},"2":{"start":{"line":6,"column":13},"end":{"line":6,"column":28}},"3":{"start":{"line":12,"column":21},"end":{"line":32,"column":2}},"4":{"start":{"line":37,"column":0},"end":{"line":43,"column":2}},"5":{"start":{"line":39,"column":8},"end":{"line":41,"column":35}},"6":{"start":{"line":45,"column":0},"end":{"line":45,"column":43}}},"fnMap":{"0":{"name":"(anonymous_0)","decl":{"start":{"line":38,"column":10},"end":{"line":38,"column":11}},"loc":{"start":{"line":38,"column":27},"end":{"line":42,"column":5}},"line":38}},"branchMap":{},"s":{"0":1,"1":1,"2":1,"3":1,"4":1,"5":0,"6":1},"f":{"0":0},"b":{},"_coverageSchema":"332fd63041d2c1bcb487cc26dd0d5f7d97098a6c","hash":"7c35366ef1b551ea383b227d4a9bc0ba8610c6e5","contentHash":"20b63d48d65267685e1a3e1a4d8f74ba_12.0.2"},"/Users/andeladeveloper/Documents/Sims Project/ET-cfh/app/models/user.js":{"path":"/Users/andeladeveloper/Documents/Sims Project/ET-cfh/app/models/user.js","statementMap":{"0":{"start":{"line":4,"column":15},"end":{"line":4,"column":34}},"1":{"start":{"line":5,"column":13},"end":{"line":5,"column":28}},"2":{"start":{"line":6,"column":13},"end":{"line":6,"column":32}},"3":{"start":{"line":7,"column":8},"end":{"line":7,"column":29}},"4":{"start":{"line":8,"column":16},"end":{"line":8,"column":59}},"5":{"start":{"line":14,"column":17},"end":{"line":27,"column":2}},"6":{"start":{"line":32,"column":0},"end":{"line":37,"column":3}},"7":{"start":{"line":33,"column":4},"end":{"line":33,"column":30}},"8":{"start":{"line":34,"column":4},"end":{"line":34,"column":58}},"9":{"start":{"line":36,"column":4},"end":{"line":36,"column":26}},"10":{"start":{"line":42,"column":25},"end":{"line":44,"column":1}},"11":{"start":{"line":43,"column":4},"end":{"line":43,"column":33}},"12":{"start":{"line":47,"column":0},"end":{"line":51,"column":27}},"13":{"start":{"line":49,"column":4},"end":{"line":49,"column":61}},"14":{"start":{"line":49,"column":49},"end":{"line":49,"column":61}},"15":{"start":{"line":50,"column":4},"end":{"line":50,"column":23}},"16":{"start":{"line":53,"column":0},"end":{"line":57,"column":28}},"17":{"start":{"line":55,"column":4},"end":{"line":55,"column":61}},"18":{"start":{"line":55,"column":49},"end":{"line":55,"column":61}},"19":{"start":{"line":56,"column":4},"end":{"line":56,"column":24}},"20":{"start":{"line":59,"column":0},"end":{"line":63,"column":31}},"21":{"start":{"line":61,"column":4},"end":{"line":61,"column":61}},"22":{"start":{"line":61,"column":49},"end":{"line":61,"column":61}},"23":{"start":{"line":62,"column":4},"end":{"line":62,"column":27}},"24":{"start":{"line":65,"column":0},"end":{"line":69,"column":31}},"25":{"start":{"line":67,"column":4},"end":{"line":67,"column":61}},"26":{"start":{"line":67,"column":49},"end":{"line":67,"column":61}},"27":{"start":{"line":68,"column":4},"end":{"line":68,"column":34}},"28":{"start":{"line":75,"column":0},"end":{"line":82,"column":3}},"29":{"start":{"line":76,"column":4},"end":{"line":76,"column":35}},"30":{"start":{"line":76,"column":21},"end":{"line":76,"column":35}},"31":{"start":{"line":78,"column":4},"end":{"line":81,"column":15}},"32":{"start":{"line":79,"column":8},"end":{"line":79,"column":44}},"33":{"start":{"line":81,"column":8},"end":{"line":81,"column":15}},"34":{"start":{"line":87,"column":0},"end":{"line":113,"column":2}},"35":{"start":{"line":96,"column":8},"end":{"line":98,"column":9}},"36":{"start":{"line":97,"column":12},"end":{"line":97,"column":25}},"37":{"start":{"line":99,"column":8},"end":{"line":99,"column":66}},"38":{"start":{"line":110,"column":8},"end":{"line":110,"column":33}},"39":{"start":{"line":110,"column":23},"end":{"line":110,"column":33}},"40":{"start":{"line":111,"column":8},"end":{"line":111,"column":65}},"41":{"start":{"line":115,"column":0},"end":{"line":115,"column":35}}},"fnMap":{"0":{"name":"(anonymous_0)","decl":{"start":{"line":32,"column":35},"end":{"line":32,"column":36}},"loc":{"start":{"line":32,"column":54},"end":{"line":35,"column":1}},"line":32},"1":{"name":"(anonymous_1)","decl":{"start":{"line":35,"column":7},"end":{"line":35,"column":8}},"loc":{"start":{"line":35,"column":18},"end":{"line":37,"column":1}},"line":35},"2":{"name":"(anonymous_2)","decl":{"start":{"line":42,"column":25},"end":{"line":42,"column":26}},"loc":{"start":{"line":42,"column":41},"end":{"line":44,"column":1}},"line":42},"3":{"name":"(anonymous_3)","decl":{"start":{"line":47,"column":33},"end":{"line":47,"column":34}},"loc":{"start":{"line":47,"column":48},"end":{"line":51,"column":1}},"line":47},"4":{"name":"(anonymous_4)","decl":{"start":{"line":53,"column":34},"end":{"line":53,"column":35}},"loc":{"start":{"line":53,"column":50},"end":{"line":57,"column":1}},"line":53},"5":{"name":"(anonymous_5)","decl":{"start":{"line":59,"column":37},"end":{"line":59,"column":38}},"loc":{"start":{"line":59,"column":56},"end":{"line":63,"column":1}},"line":59},"6":{"name":"(anonymous_6)","decl":{"start":{"line":65,"column":44},"end":{"line":65,"column":45}},"loc":{"start":{"line":65,"column":70},"end":{"line":69,"column":1}},"line":65},"7":{"name":"(anonymous_7)","decl":{"start":{"line":75,"column":23},"end":{"line":75,"column":24}},"loc":{"start":{"line":75,"column":38},"end":{"line":82,"column":1}},"line":75},"8":{"name":"(anonymous_8)","decl":{"start":{"line":95,"column":18},"end":{"line":95,"column":19}},"loc":{"start":{"line":95,"column":38},"end":{"line":100,"column":5}},"line":95},"9":{"name":"(anonymous_9)","decl":{"start":{"line":109,"column":21},"end":{"line":109,"column":22}},"loc":{"start":{"line":109,"column":40},"end":{"line":112,"column":5}},"line":109}},"branchMap":{"0":{"loc":{"start":{"line":43,"column":11},"end":{"line":43,"column":32}},"type":"binary-expr","locations":[{"start":{"line":43,"column":11},"end":{"line":43,"column":16}},{"start":{"line":43,"column":20},"end":{"line":43,"column":32}}],"line":43},"1":{"loc":{"start":{"line":49,"column":4},"end":{"line":49,"column":61}},"type":"if","locations":[{"start":{"line":49,"column":4},"end":{"line":49,"column":61}},{"start":{"line":49,"column":4},"end":{"line":49,"column":61}}],"line":49},"2":{"loc":{"start":{"line":55,"column":4},"end":{"line":55,"column":61}},"type":"if","locations":[{"start":{"line":55,"column":4},"end":{"line":55,"column":61}},{"start":{"line":55,"column":4},"end":{"line":55,"column":61}}],"line":55},"3":{"loc":{"start":{"line":61,"column":4},"end":{"line":61,"column":61}},"type":"if","locations":[{"start":{"line":61,"column":4},"end":{"line":61,"column":61}},{"start":{"line":61,"column":4},"end":{"line":61,"column":61}}],"line":61},"4":{"loc":{"start":{"line":67,"column":4},"end":{"line":67,"column":61}},"type":"if","locations":[{"start":{"line":67,"column":4},"end":{"line":67,"column":61}},{"start":{"line":67,"column":4},"end":{"line":67,"column":61}}],"line":67},"5":{"loc":{"start":{"line":76,"column":4},"end":{"line":76,"column":35}},"type":"if","locations":[{"start":{"line":76,"column":4},"end":{"line":76,"column":35}},{"start":{"line":76,"column":4},"end":{"line":76,"column":35}}],"line":76},"6":{"loc":{"start":{"line":78,"column":4},"end":{"line":81,"column":15}},"type":"if","locations":[{"start":{"line":78,"column":4},"end":{"line":81,"column":15}},{"start":{"line":78,"column":4},"end":{"line":81,"column":15}}],"line":78},"7":{"loc":{"start":{"line":78,"column":8},"end":{"line":78,"column":85}},"type":"binary-expr","locations":[{"start":{"line":78,"column":8},"end":{"line":78,"column":42}},{"start":{"line":78,"column":46},"end":{"line":78,"column":85}}],"line":78},"8":{"loc":{"start":{"line":96,"column":8},"end":{"line":98,"column":9}},"type":"if","locations":[{"start":{"line":96,"column":8},"end":{"line":98,"column":9}},{"start":{"line":96,"column":8},"end":{"line":98,"column":9}}],"line":96},"9":{"loc":{"start":{"line":96,"column":12},"end":{"line":96,"column":47}},"type":"binary-expr","locations":[{"start":{"line":96,"column":12},"end":{"line":96,"column":22}},{"start":{"line":96,"column":26},"end":{"line":96,"column":47}}],"line":96},"10":{"loc":{"start":{"line":110,"column":8},"end":{"line":110,"column":33}},"type":"if","locations":[{"start":{"line":110,"column":8},"end":{"line":110,"column":33}},{"start":{"line":110,"column":8},"end":{"line":110,"column":33}}],"line":110}},"s":{"0":1,"1":1,"2":1,"3":1,"4":1,"5":1,"6":1,"7":1,"8":1,"9":1,"10":1,"11":1,"12":1,"13":2,"14":0,"15":2,"16":1,"17":1,"18":0,"19":1,"20":1,"21":1,"22":0,"23":1,"24":1,"25":1,"26":0,"27":1,"28":1,"29":1,"30":0,"31":1,"32":0,"33":1,"34":1,"35":0,"36":0,"37":0,"38":1,"39":0,"40":1,"41":1},"f":{"0":1,"1":1,"2":1,"3":2,"4":1,"5":1,"6":1,"7":1,"8":0,"9":1},"b":{"0":[1,1],"1":[0,2],"2":[0,1],"3":[0,1],"4":[0,1],"5":[0,1],"6":[0,1],"7":[1,0],"8":[0,0],"9":[0,0],"10":[0,1]},"_coverageSchema":"332fd63041d2c1bcb487cc26dd0d5f7d97098a6c","hash":"a7e436971ceb5f8cf9884542d642fb27c85a4d40","contentHash":"a420ad505e85a6d80ae92c3518cb5922_12.0.2"},"/Users/andeladeveloper/Documents/Sims Project/ET-cfh/config/passport.js":{"path":"/Users/andeladeveloper/Documents/Sims Project/ET-cfh/config/passport.js","statementMap":{"0":{"start":{"line":1,"column":15},"end":{"line":1,"column":34}},"1":{"start":{"line":2,"column":20},"end":{"line":2,"column":54}},"2":{"start":{"line":3,"column":22},"end":{"line":3,"column":58}},"3":{"start":{"line":4,"column":23},"end":{"line":4,"column":60}},"4":{"start":{"line":5,"column":21},"end":{"line":5,"column":56}},"5":{"start":{"line":6,"column":21},"end":{"line":6,"column":68}},"6":{"start":{"line":7,"column":11},"end":{"line":7,"column":33}},"7":{"start":{"line":8,"column":13},"end":{"line":8,"column":32}},"8":{"start":{"line":11,"column":0},"end":{"line":186,"column":2}},"9":{"start":{"line":13,"column":4},"end":{"line":15,"column":7}},"10":{"start":{"line":14,"column":8},"end":{"line":14,"column":28}},"11":{"start":{"line":17,"column":4},"end":{"line":26,"column":7}},"12":{"start":{"line":18,"column":8},"end":{"line":25,"column":11}},"13":{"start":{"line":21,"column":12},"end":{"line":21,"column":30}},"14":{"start":{"line":22,"column":12},"end":{"line":22,"column":33}},"15":{"start":{"line":23,"column":12},"end":{"line":23,"column":40}},"16":{"start":{"line":24,"column":12},"end":{"line":24,"column":28}},"17":{"start":{"line":29,"column":4},"end":{"line":55,"column":7}},"18":{"start":{"line":34,"column":12},"end":{"line":53,"column":15}},"19":{"start":{"line":37,"column":16},"end":{"line":39,"column":17}},"20":{"start":{"line":38,"column":20},"end":{"line":38,"column":37}},"21":{"start":{"line":40,"column":16},"end":{"line":44,"column":17}},"22":{"start":{"line":41,"column":20},"end":{"line":43,"column":23}},"23":{"start":{"line":45,"column":16},"end":{"line":49,"column":17}},"24":{"start":{"line":46,"column":20},"end":{"line":48,"column":23}},"25":{"start":{"line":50,"column":16},"end":{"line":50,"column":34}},"26":{"start":{"line":51,"column":16},"end":{"line":51,"column":44}},"27":{"start":{"line":52,"column":16},"end":{"line":52,"column":40}},"28":{"start":{"line":58,"column":4},"end":{"line":86,"column":7}},"29":{"start":{"line":64,"column":12},"end":{"line":84,"column":15}},"30":{"start":{"line":67,"column":16},"end":{"line":69,"column":17}},"31":{"start":{"line":68,"column":20},"end":{"line":68,"column":37}},"32":{"start":{"line":70,"column":16},"end":{"line":83,"column":17}},"33":{"start":{"line":71,"column":20},"end":{"line":76,"column":23}},"34":{"start":{"line":77,"column":20},"end":{"line":80,"column":23}},"35":{"start":{"line":78,"column":24},"end":{"line":78,"column":50}},"36":{"start":{"line":78,"column":33},"end":{"line":78,"column":50}},"37":{"start":{"line":79,"column":24},"end":{"line":79,"column":47}},"38":{"start":{"line":82,"column":20},"end":{"line":82,"column":43}},"39":{"start":{"line":89,"column":4},"end":{"line":121,"column":7}},"40":{"start":{"line":95,"column":12},"end":{"line":119,"column":15}},"41":{"start":{"line":98,"column":16},"end":{"line":100,"column":17}},"42":{"start":{"line":99,"column":20},"end":{"line":99,"column":37}},"43":{"start":{"line":101,"column":16},"end":{"line":118,"column":17}},"44":{"start":{"line":102,"column":20},"end":{"line":102,"column":41}},"45":{"start":{"line":103,"column":20},"end":{"line":109,"column":23}},"46":{"start":{"line":110,"column":20},"end":{"line":114,"column":23}},"47":{"start":{"line":111,"column":24},"end":{"line":111,"column":50}},"48":{"start":{"line":111,"column":33},"end":{"line":111,"column":50}},"49":{"start":{"line":112,"column":24},"end":{"line":112,"column":45}},"50":{"start":{"line":113,"column":24},"end":{"line":113,"column":47}},"51":{"start":{"line":116,"column":20},"end":{"line":116,"column":41}},"52":{"start":{"line":117,"column":20},"end":{"line":117,"column":43}},"53":{"start":{"line":124,"column":4},"end":{"line":153,"column":7}},"54":{"start":{"line":130,"column":12},"end":{"line":151,"column":15}},"55":{"start":{"line":133,"column":16},"end":{"line":135,"column":17}},"56":{"start":{"line":134,"column":20},"end":{"line":134,"column":37}},"57":{"start":{"line":136,"column":16},"end":{"line":150,"column":17}},"58":{"start":{"line":137,"column":20},"end":{"line":143,"column":23}},"59":{"start":{"line":144,"column":20},"end":{"line":147,"column":23}},"60":{"start":{"line":145,"column":24},"end":{"line":145,"column":50}},"61":{"start":{"line":145,"column":33},"end":{"line":145,"column":50}},"62":{"start":{"line":146,"column":24},"end":{"line":146,"column":47}},"63":{"start":{"line":149,"column":20},"end":{"line":149,"column":43}},"64":{"start":{"line":156,"column":4},"end":{"line":185,"column":7}},"65":{"start":{"line":162,"column":12},"end":{"line":183,"column":15}},"66":{"start":{"line":165,"column":16},"end":{"line":167,"column":17}},"67":{"start":{"line":166,"column":20},"end":{"line":166,"column":37}},"68":{"start":{"line":168,"column":16},"end":{"line":182,"column":17}},"69":{"start":{"line":169,"column":20},"end":{"line":175,"column":23}},"70":{"start":{"line":176,"column":20},"end":{"line":179,"column":23}},"71":{"start":{"line":177,"column":24},"end":{"line":177,"column":50}},"72":{"start":{"line":177,"column":33},"end":{"line":177,"column":50}},"73":{"start":{"line":178,"column":24},"end":{"line":178,"column":47}},"74":{"start":{"line":181,"column":20},"end":{"line":181,"column":43}}},"fnMap":{"0":{"name":"(anonymous_0)","decl":{"start":{"line":11,"column":17},"end":{"line":11,"column":18}},"loc":{"start":{"line":11,"column":36},"end":{"line":186,"column":1}},"line":11},"1":{"name":"(anonymous_1)","decl":{"start":{"line":13,"column":27},"end":{"line":13,"column":28}},"loc":{"start":{"line":13,"column":48},"end":{"line":15,"column":5}},"line":13},"2":{"name":"(anonymous_2)","decl":{"start":{"line":17,"column":29},"end":{"line":17,"column":30}},"loc":{"start":{"line":17,"column":48},"end":{"line":26,"column":5}},"line":17},"3":{"name":"(anonymous_3)","decl":{"start":{"line":20,"column":11},"end":{"line":20,"column":12}},"loc":{"start":{"line":20,"column":31},"end":{"line":25,"column":9}},"line":20},"4":{"name":"(anonymous_4)","decl":{"start":{"line":33,"column":8},"end":{"line":33,"column":9}},"loc":{"start":{"line":33,"column":40},"end":{"line":54,"column":9}},"line":33},"5":{"name":"(anonymous_5)","decl":{"start":{"line":36,"column":15},"end":{"line":36,"column":16}},"loc":{"start":{"line":36,"column":35},"end":{"line":53,"column":13}},"line":36},"6":{"name":"(anonymous_6)","decl":{"start":{"line":63,"column":8},"end":{"line":63,"column":9}},"loc":{"start":{"line":63,"column":52},"end":{"line":85,"column":9}},"line":63},"7":{"name":"(anonymous_7)","decl":{"start":{"line":66,"column":15},"end":{"line":66,"column":16}},"loc":{"start":{"line":66,"column":35},"end":{"line":84,"column":13}},"line":66},"8":{"name":"(anonymous_8)","decl":{"start":{"line":77,"column":30},"end":{"line":77,"column":31}},"loc":{"start":{"line":77,"column":44},"end":{"line":80,"column":21}},"line":77},"9":{"name":"(anonymous_9)","decl":{"start":{"line":94,"column":8},"end":{"line":94,"column":9}},"loc":{"start":{"line":94,"column":59},"end":{"line":120,"column":9}},"line":94},"10":{"name":"(anonymous_10)","decl":{"start":{"line":97,"column":15},"end":{"line":97,"column":16}},"loc":{"start":{"line":97,"column":35},"end":{"line":119,"column":13}},"line":97},"11":{"name":"(anonymous_11)","decl":{"start":{"line":110,"column":30},"end":{"line":110,"column":31}},"loc":{"start":{"line":110,"column":44},"end":{"line":114,"column":21}},"line":110},"12":{"name":"(anonymous_12)","decl":{"start":{"line":129,"column":8},"end":{"line":129,"column":9}},"loc":{"start":{"line":129,"column":59},"end":{"line":152,"column":9}},"line":129},"13":{"name":"(anonymous_13)","decl":{"start":{"line":132,"column":15},"end":{"line":132,"column":16}},"loc":{"start":{"line":132,"column":35},"end":{"line":151,"column":13}},"line":132},"14":{"name":"(anonymous_14)","decl":{"start":{"line":144,"column":30},"end":{"line":144,"column":31}},"loc":{"start":{"line":144,"column":44},"end":{"line":147,"column":21}},"line":144},"15":{"name":"(anonymous_15)","decl":{"start":{"line":161,"column":8},"end":{"line":161,"column":9}},"loc":{"start":{"line":161,"column":59},"end":{"line":184,"column":9}},"line":161},"16":{"name":"(anonymous_16)","decl":{"start":{"line":164,"column":15},"end":{"line":164,"column":16}},"loc":{"start":{"line":164,"column":35},"end":{"line":183,"column":13}},"line":164},"17":{"name":"(anonymous_17)","decl":{"start":{"line":176,"column":30},"end":{"line":176,"column":31}},"loc":{"start":{"line":176,"column":44},"end":{"line":179,"column":21}},"line":176}},"branchMap":{"0":{"loc":{"start":{"line":37,"column":16},"end":{"line":39,"column":17}},"type":"if","locations":[{"start":{"line":37,"column":16},"end":{"line":39,"column":17}},{"start":{"line":37,"column":16},"end":{"line":39,"column":17}}],"line":37},"1":{"loc":{"start":{"line":40,"column":16},"end":{"line":44,"column":17}},"type":"if","locations":[{"start":{"line":40,"column":16},"end":{"line":44,"column":17}},{"start":{"line":40,"column":16},"end":{"line":44,"column":17}}],"line":40},"2":{"loc":{"start":{"line":45,"column":16},"end":{"line":49,"column":17}},"type":"if","locations":[{"start":{"line":45,"column":16},"end":{"line":49,"column":17}},{"start":{"line":45,"column":16},"end":{"line":49,"column":17}}],"line":45},"3":{"loc":{"start":{"line":59,"column":25},"end":{"line":59,"column":84}},"type":"binary-expr","locations":[{"start":{"line":59,"column":25},"end":{"line":59,"column":57}},{"start":{"line":59,"column":61},"end":{"line":59,"column":84}}],"line":59},"4":{"loc":{"start":{"line":60,"column":28},"end":{"line":60,"column":94}},"type":"binary-expr","locations":[{"start":{"line":60,"column":28},"end":{"line":60,"column":63}},{"start":{"line":60,"column":67},"end":{"line":60,"column":94}}],"line":60},"5":{"loc":{"start":{"line":67,"column":16},"end":{"line":69,"column":17}},"type":"if","locations":[{"start":{"line":67,"column":16},"end":{"line":69,"column":17}},{"start":{"line":67,"column":16},"end":{"line":69,"column":17}}],"line":67},"6":{"loc":{"start":{"line":70,"column":16},"end":{"line":83,"column":17}},"type":"if","locations":[{"start":{"line":70,"column":16},"end":{"line":83,"column":17}},{"start":{"line":70,"column":16},"end":{"line":83,"column":17}}],"line":70},"7":{"loc":{"start":{"line":78,"column":24},"end":{"line":78,"column":50}},"type":"if","locations":[{"start":{"line":78,"column":24},"end":{"line":78,"column":50}},{"start":{"line":78,"column":24},"end":{"line":78,"column":50}}],"line":78},"8":{"loc":{"start":{"line":90,"column":22},"end":{"line":90,"column":74}},"type":"binary-expr","locations":[{"start":{"line":90,"column":22},"end":{"line":90,"column":46}},{"start":{"line":90,"column":50},"end":{"line":90,"column":74}}],"line":90},"9":{"loc":{"start":{"line":91,"column":26},"end":{"line":91,"column":86}},"type":"binary-expr","locations":[{"start":{"line":91,"column":26},"end":{"line":91,"column":54}},{"start":{"line":91,"column":58},"end":{"line":91,"column":86}}],"line":91},"10":{"loc":{"start":{"line":98,"column":16},"end":{"line":100,"column":17}},"type":"if","locations":[{"start":{"line":98,"column":16},"end":{"line":100,"column":17}},{"start":{"line":98,"column":16},"end":{"line":100,"column":17}}],"line":98},"11":{"loc":{"start":{"line":101,"column":16},"end":{"line":118,"column":17}},"type":"if","locations":[{"start":{"line":101,"column":16},"end":{"line":118,"column":17}},{"start":{"line":101,"column":16},"end":{"line":118,"column":17}}],"line":101},"12":{"loc":{"start":{"line":105,"column":31},"end":{"line":105,"column":80}},"type":"binary-expr","locations":[{"start":{"line":105,"column":32},"end":{"line":105,"column":46}},{"start":{"line":105,"column":50},"end":{"line":105,"column":73}},{"start":{"line":105,"column":78},"end":{"line":105,"column":80}}],"line":105},"13":{"loc":{"start":{"line":111,"column":24},"end":{"line":111,"column":50}},"type":"if","locations":[{"start":{"line":111,"column":24},"end":{"line":111,"column":50}},{"start":{"line":111,"column":24},"end":{"line":111,"column":50}}],"line":111},"14":{"loc":{"start":{"line":125,"column":22},"end":{"line":125,"column":76}},"type":"binary-expr","locations":[{"start":{"line":125,"column":22},"end":{"line":125,"column":50}},{"start":{"line":125,"column":54},"end":{"line":125,"column":76}}],"line":125},"15":{"loc":{"start":{"line":126,"column":26},"end":{"line":126,"column":88}},"type":"binary-expr","locations":[{"start":{"line":126,"column":26},"end":{"line":126,"column":58}},{"start":{"line":126,"column":62},"end":{"line":126,"column":88}}],"line":126},"16":{"loc":{"start":{"line":133,"column":16},"end":{"line":135,"column":17}},"type":"if","locations":[{"start":{"line":133,"column":16},"end":{"line":135,"column":17}},{"start":{"line":133,"column":16},"end":{"line":135,"column":17}}],"line":133},"17":{"loc":{"start":{"line":136,"column":16},"end":{"line":150,"column":17}},"type":"if","locations":[{"start":{"line":136,"column":16},"end":{"line":150,"column":17}},{"start":{"line":136,"column":16},"end":{"line":150,"column":17}}],"line":136},"18":{"loc":{"start":{"line":145,"column":24},"end":{"line":145,"column":50}},"type":"if","locations":[{"start":{"line":145,"column":24},"end":{"line":145,"column":50}},{"start":{"line":145,"column":24},"end":{"line":145,"column":50}}],"line":145},"19":{"loc":{"start":{"line":157,"column":22},"end":{"line":157,"column":76}},"type":"binary-expr","locations":[{"start":{"line":157,"column":22},"end":{"line":157,"column":50}},{"start":{"line":157,"column":54},"end":{"line":157,"column":76}}],"line":157},"20":{"loc":{"start":{"line":158,"column":26},"end":{"line":158,"column":88}},"type":"binary-expr","locations":[{"start":{"line":158,"column":26},"end":{"line":158,"column":58}},{"start":{"line":158,"column":62},"end":{"line":158,"column":88}}],"line":158},"21":{"loc":{"start":{"line":165,"column":16},"end":{"line":167,"column":17}},"type":"if","locations":[{"start":{"line":165,"column":16},"end":{"line":167,"column":17}},{"start":{"line":165,"column":16},"end":{"line":167,"column":17}}],"line":165},"22":{"loc":{"start":{"line":168,"column":16},"end":{"line":182,"column":17}},"type":"if","locations":[{"start":{"line":168,"column":16},"end":{"line":182,"column":17}},{"start":{"line":168,"column":16},"end":{"line":182,"column":17}}],"line":168},"23":{"loc":{"start":{"line":177,"column":24},"end":{"line":177,"column":50}},"type":"if","locations":[{"start":{"line":177,"column":24},"end":{"line":177,"column":50}},{"start":{"line":177,"column":24},"end":{"line":177,"column":50}}],"line":177}},"s":{"0":1,"1":1,"2":1,"3":1,"4":1,"5":1,"6":1,"7":1,"8":1,"9":1,"10":0,"11":1,"12":0,"13":0,"14":0,"15":0,"16":0,"17":1,"18":0,"19":0,"20":0,"21":0,"22":0,"23":0,"24":0,"25":0,"26":0,"27":0,"28":1,"29":0,"30":0,"31":0,"32":0,"33":0,"34":0,"35":0,"36":0,"37":0,"38":0,"39":1,"40":0,"41":0,"42":0,"43":0,"44":0,"45":0,"46":0,"47":0,"48":0,"49":0,"50":0,"51":0,"52":0,"53":1,"54":0,"55":0,"56":0,"57":0,"58":0,"59":0,"60":0,"61":0,"62":0,"63":0,"64":1,"65":0,"66":0,"67":0,"68":0,"69":0,"70":0,"71":0,"72":0,"73":0,"74":0},"f":{"0":1,"1":0,"2":0,"3":0,"4":0,"5":0,"6":0,"7":0,"8":0,"9":0,"10":0,"11":0,"12":0,"13":0,"14":0,"15":0,"16":0,"17":0},"b":{"0":[0,0],"1":[0,0],"2":[0,0],"3":[1,1],"4":[1,1],"5":[0,0],"6":[0,0],"7":[0,0],"8":[1,1],"9":[1,1],"10":[0,0],"11":[0,0],"12":[0,0,0],"13":[0,0],"14":[1,1],"15":[1,1],"16":[0,0],"17":[0,0],"18":[0,0],"19":[1,1],"20":[1,1],"21":[0,0],"22":[0,0],"23":[0,0]},"_coverageSchema":"332fd63041d2c1bcb487cc26dd0d5f7d97098a6c","hash":"adae41a46cf44724063356a08facd0b03239bdd4","contentHash":"e613bfa9d1c5866396291fd1b4a72cf1_12.0.2"},"/Users/andeladeveloper/Documents/Sims Project/ET-cfh/config/express.js":{"path":"/Users/andeladeveloper/Documents/Sims Project/ET-cfh/config/express.js","statementMap":{"0":{"start":{"line":4,"column":14},"end":{"line":4,"column":32}},"1":{"start":{"line":5,"column":17},"end":{"line":5,"column":50}},"2":{"start":{"line":6,"column":12},"end":{"line":6,"column":36}},"3":{"start":{"line":7,"column":14},"end":{"line":7,"column":37}},"4":{"start":{"line":8,"column":13},"end":{"line":8,"column":32}},"5":{"start":{"line":10,"column":0},"end":{"line":91,"column":2}},"6":{"start":{"line":11,"column":4},"end":{"line":11,"column":36}},"7":{"start":{"line":14,"column":4},"end":{"line":19,"column":8}},"8":{"start":{"line":16,"column":12},"end":{"line":16,"column":84}},"9":{"start":{"line":22,"column":4},"end":{"line":22,"column":31}},"10":{"start":{"line":23,"column":4},"end":{"line":23,"column":53}},"11":{"start":{"line":26,"column":4},"end":{"line":28,"column":5}},"12":{"start":{"line":27,"column":8},"end":{"line":27,"column":39}},"13":{"start":{"line":31,"column":4},"end":{"line":31,"column":49}},"14":{"start":{"line":32,"column":4},"end":{"line":32,"column":35}},"15":{"start":{"line":35,"column":4},"end":{"line":35,"column":33}},"16":{"start":{"line":37,"column":4},"end":{"line":90,"column":7}},"17":{"start":{"line":39,"column":8},"end":{"line":39,"column":40}},"18":{"start":{"line":42,"column":8},"end":{"line":42,"column":38}},"19":{"start":{"line":43,"column":8},"end":{"line":43,"column":42}},"20":{"start":{"line":46,"column":8},"end":{"line":53,"column":12}},"21":{"start":{"line":56,"column":8},"end":{"line":56,"column":25}},"22":{"start":{"line":59,"column":8},"end":{"line":59,"column":42}},"23":{"start":{"line":62,"column":8},"end":{"line":62,"column":39}},"24":{"start":{"line":63,"column":8},"end":{"line":63,"column":36}},"25":{"start":{"line":66,"column":8},"end":{"line":66,"column":28}},"26":{"start":{"line":69,"column":8},"end":{"line":80,"column":11}},"27":{"start":{"line":71,"column":12},"end":{"line":71,"column":65}},"28":{"start":{"line":71,"column":51},"end":{"line":71,"column":65}},"29":{"start":{"line":74,"column":12},"end":{"line":74,"column":37}},"30":{"start":{"line":77,"column":12},"end":{"line":79,"column":15}},"31":{"start":{"line":83,"column":8},"end":{"line":88,"column":11}},"32":{"start":{"line":84,"column":12},"end":{"line":87,"column":15}}},"fnMap":{"0":{"name":"(anonymous_0)","decl":{"start":{"line":10,"column":17},"end":{"line":10,"column":18}},"loc":{"start":{"line":10,"column":51},"end":{"line":91,"column":1}},"line":10},"1":{"name":"(anonymous_1)","decl":{"start":{"line":15,"column":16},"end":{"line":15,"column":17}},"loc":{"start":{"line":15,"column":35},"end":{"line":17,"column":9}},"line":15},"2":{"name":"(anonymous_2)","decl":{"start":{"line":37,"column":18},"end":{"line":37,"column":19}},"loc":{"start":{"line":37,"column":29},"end":{"line":90,"column":5}},"line":37},"3":{"name":"(anonymous_3)","decl":{"start":{"line":69,"column":16},"end":{"line":69,"column":17}},"loc":{"start":{"line":69,"column":46},"end":{"line":80,"column":9}},"line":69},"4":{"name":"(anonymous_4)","decl":{"start":{"line":83,"column":16},"end":{"line":83,"column":17}},"loc":{"start":{"line":83,"column":41},"end":{"line":88,"column":9}},"line":83}},"branchMap":{"0":{"loc":{"start":{"line":26,"column":4},"end":{"line":28,"column":5}},"type":"if","locations":[{"start":{"line":26,"column":4},"end":{"line":28,"column":5}},{"start":{"line":26,"column":4},"end":{"line":28,"column":5}}],"line":26},"1":{"loc":{"start":{"line":71,"column":12},"end":{"line":71,"column":65}},"type":"if","locations":[{"start":{"line":71,"column":12},"end":{"line":71,"column":65}},{"start":{"line":71,"column":12},"end":{"line":71,"column":65}}],"line":71}},"s":{"0":1,"1":1,"2":1,"3":1,"4":1,"5":1,"6":1,"7":1,"8":0,"9":1,"10":1,"11":1,"12":0,"13":1,"14":1,"15":1,"16":1,"17":1,"18":1,"19":1,"20":1,"21":1,"22":1,"23":1,"24":1,"25":1,"26":1,"27":0,"28":0,"29":0,"30":0,"31":1,"32":0},"f":{"0":1,"1":0,"2":1,"3":0,"4":0},"b":{"0":[0,1],"1":[0,0]},"_coverageSchema":"332fd63041d2c1bcb487cc26dd0d5f7d97098a6c","hash":"436b8ff2a0fd3b991dd8845b5112cc36603829d5","contentHash":"e60e61bb57c596807ab67f4bda84934c_12.0.2"},"/Users/andeladeveloper/Documents/Sims Project/ET-cfh/config/routes.js":{"path":"/Users/andeladeveloper/Documents/Sims Project/ET-cfh/config/routes.js","statementMap":{"0":{"start":{"line":1,"column":12},"end":{"line":1,"column":28}},"1":{"start":{"line":3,"column":0},"end":{"line":94,"column":2}},"2":{"start":{"line":5,"column":16},"end":{"line":5,"column":51}},"3":{"start":{"line":6,"column":4},"end":{"line":6,"column":37}},"4":{"start":{"line":7,"column":4},"end":{"line":7,"column":37}},"5":{"start":{"line":8,"column":4},"end":{"line":8,"column":49}},"6":{"start":{"line":9,"column":4},"end":{"line":9,"column":39}},"7":{"start":{"line":12,"column":4},"end":{"line":12,"column":37}},"8":{"start":{"line":13,"column":4},"end":{"line":13,"column":37}},"9":{"start":{"line":14,"column":4},"end":{"line":14,"column":46}},"10":{"start":{"line":17,"column":4},"end":{"line":17,"column":46}},"11":{"start":{"line":19,"column":4},"end":{"line":22,"column":23}},"12":{"start":{"line":24,"column":4},"end":{"line":24,"column":35}},"13":{"start":{"line":25,"column":4},"end":{"line":25,"column":42}},"14":{"start":{"line":28,"column":4},"end":{"line":31,"column":22}},"15":{"start":{"line":33,"column":4},"end":{"line":35,"column":28}},"16":{"start":{"line":38,"column":4},"end":{"line":40,"column":22}},"17":{"start":{"line":42,"column":4},"end":{"line":44,"column":28}},"18":{"start":{"line":47,"column":4},"end":{"line":49,"column":22}},"19":{"start":{"line":51,"column":4},"end":{"line":53,"column":28}},"20":{"start":{"line":56,"column":4},"end":{"line":62,"column":22}},"21":{"start":{"line":64,"column":4},"end":{"line":66,"column":28}},"22":{"start":{"line":69,"column":4},"end":{"line":69,"column":36}},"23":{"start":{"line":72,"column":18},"end":{"line":72,"column":55}},"24":{"start":{"line":73,"column":4},"end":{"line":73,"column":37}},"25":{"start":{"line":74,"column":4},"end":{"line":74,"column":48}},"26":{"start":{"line":76,"column":4},"end":{"line":76,"column":42}},"27":{"start":{"line":79,"column":20},"end":{"line":79,"column":59}},"28":{"start":{"line":80,"column":4},"end":{"line":80,"column":41}},"29":{"start":{"line":81,"column":4},"end":{"line":81,"column":54}},"30":{"start":{"line":83,"column":4},"end":{"line":83,"column":48}},"31":{"start":{"line":86,"column":18},"end":{"line":86,"column":55}},"32":{"start":{"line":87,"column":4},"end":{"line":87,"column":41}},"33":{"start":{"line":90,"column":16},"end":{"line":90,"column":51}},"34":{"start":{"line":91,"column":4},"end":{"line":91,"column":33}},"35":{"start":{"line":92,"column":4},"end":{"line":92,"column":31}}},"fnMap":{"0":{"name":"(anonymous_0)","decl":{"start":{"line":3,"column":17},"end":{"line":3,"column":18}},"loc":{"start":{"line":3,"column":47},"end":{"line":94,"column":1}},"line":3}},"branchMap":{},"s":{"0":1,"1":1,"2":1,"3":1,"4":1,"5":1,"6":1,"7":1,"8":1,"9":1,"10":1,"11":1,"12":1,"13":1,"14":1,"15":1,"16":1,"17":1,"18":1,"19":1,"20":1,"21":1,"22":1,"23":1,"24":1,"25":1,"26":1,"27":1,"28":1,"29":1,"30":1,"31":1,"32":1,"33":1,"34":1,"35":1},"f":{"0":1},"b":{},"_coverageSchema":"332fd63041d2c1bcb487cc26dd0d5f7d97098a6c","hash":"592d36e7b17fa4caeb1f4204a76c1d71c916d79f","contentHash":"0af50f486a7957eaded245be8314effa_12.0.2"},"/Users/andeladeveloper/Documents/Sims Project/ET-cfh/app/controllers/users.js":{"path":"/Users/andeladeveloper/Documents/Sims Project/ET-cfh/app/controllers/users.js","statementMap":{"0":{"start":{"line":4,"column":17},"end":{"line":4,"column":36}},"1":{"start":{"line":5,"column":16},"end":{"line":5,"column":42}},"2":{"start":{"line":7,"column":13},"end":{"line":7,"column":35}},"3":{"start":{"line":12,"column":0},"end":{"line":14,"column":2}},"4":{"start":{"line":13,"column":2},"end":{"line":13,"column":33}},"5":{"start":{"line":19,"column":0},"end":{"line":25,"column":2}},"6":{"start":{"line":20,"column":2},"end":{"line":24,"column":3}},"7":{"start":{"line":21,"column":4},"end":{"line":21,"column":45}},"8":{"start":{"line":23,"column":4},"end":{"line":23,"column":28}},"9":{"start":{"line":30,"column":0},"end":{"line":36,"column":2}},"10":{"start":{"line":31,"column":2},"end":{"line":35,"column":3}},"11":{"start":{"line":32,"column":4},"end":{"line":32,"column":31}},"12":{"start":{"line":34,"column":4},"end":{"line":34,"column":28}},"13":{"start":{"line":41,"column":0},"end":{"line":44,"column":2}},"14":{"start":{"line":42,"column":2},"end":{"line":42,"column":15}},"15":{"start":{"line":43,"column":2},"end":{"line":43,"column":20}},"16":{"start":{"line":49,"column":0},"end":{"line":51,"column":2}},"17":{"start":{"line":50,"column":2},"end":{"line":50,"column":20}},"18":{"start":{"line":58,"column":0},"end":{"line":75,"column":2}},"19":{"start":{"line":59,"column":2},"end":{"line":73,"column":3}},"20":{"start":{"line":60,"column":4},"end":{"line":69,"column":7}},"21":{"start":{"line":64,"column":6},"end":{"line":68,"column":7}},"22":{"start":{"line":65,"column":8},"end":{"line":65,"column":29}},"23":{"start":{"line":67,"column":8},"end":{"line":67,"column":42}},"24":{"start":{"line":72,"column":4},"end":{"line":72,"column":22}},"25":{"start":{"line":77,"column":0},"end":{"line":79,"column":1}},"26":{"start":{"line":78,"column":2},"end":{"line":78,"column":25}},"27":{"start":{"line":84,"column":0},"end":{"line":114,"column":2}},"28":{"start":{"line":86,"column":2},"end":{"line":113,"column":3}},"29":{"start":{"line":87,"column":4},"end":{"line":110,"column":7}},"30":{"start":{"line":90,"column":6},"end":{"line":109,"column":7}},"31":{"start":{"line":91,"column":19},"end":{"line":91,"column":37}},"32":{"start":{"line":93,"column":8},"end":{"line":93,"column":43}},"33":{"start":{"line":94,"column":8},"end":{"line":94,"column":32}},"34":{"start":{"line":95,"column":8},"end":{"line":106,"column":11}},"35":{"start":{"line":96,"column":10},"end":{"line":101,"column":11}},"36":{"start":{"line":97,"column":12},"end":{"line":100,"column":15}},"37":{"start":{"line":102,"column":10},"end":{"line":105,"column":13}},"38":{"start":{"line":103,"column":12},"end":{"line":103,"column":38}},"39":{"start":{"line":103,"column":21},"end":{"line":103,"column":38}},"40":{"start":{"line":104,"column":12},"end":{"line":104,"column":40}},"41":{"start":{"line":108,"column":8},"end":{"line":108,"column":61}},"42":{"start":{"line":112,"column":4},"end":{"line":112,"column":55}},"43":{"start":{"line":119,"column":0},"end":{"line":132,"column":2}},"44":{"start":{"line":121,"column":2},"end":{"line":130,"column":3}},"45":{"start":{"line":123,"column":4},"end":{"line":129,"column":7}},"46":{"start":{"line":127,"column":6},"end":{"line":127,"column":45}},"47":{"start":{"line":128,"column":6},"end":{"line":128,"column":18}},"48":{"start":{"line":131,"column":2},"end":{"line":131,"column":33}},"49":{"start":{"line":134,"column":0},"end":{"line":159,"column":2}},"50":{"start":{"line":135,"column":2},"end":{"line":157,"column":3}},"51":{"start":{"line":137,"column":4},"end":{"line":156,"column":5}},"52":{"start":{"line":138,"column":6},"end":{"line":155,"column":9}},"53":{"start":{"line":143,"column":24},"end":{"line":143,"column":29}},"54":{"start":{"line":144,"column":8},"end":{"line":148,"column":9}},"55":{"start":{"line":145,"column":10},"end":{"line":147,"column":11}},"56":{"start":{"line":146,"column":12},"end":{"line":146,"column":29}},"57":{"start":{"line":149,"column":8},"end":{"line":154,"column":9}},"58":{"start":{"line":150,"column":10},"end":{"line":150,"column":44}},"59":{"start":{"line":151,"column":10},"end":{"line":151,"column":40}},"60":{"start":{"line":152,"column":10},"end":{"line":152,"column":27}},"61":{"start":{"line":153,"column":10},"end":{"line":153,"column":22}},"62":{"start":{"line":158,"column":2},"end":{"line":158,"column":13}},"63":{"start":{"line":164,"column":0},"end":{"line":171,"column":2}},"64":{"start":{"line":165,"column":13},"end":{"line":165,"column":24}},"65":{"start":{"line":167,"column":2},"end":{"line":170,"column":5}},"66":{"start":{"line":176,"column":0},"end":{"line":178,"column":2}},"67":{"start":{"line":177,"column":2},"end":{"line":177,"column":30}},"68":{"start":{"line":183,"column":0},"end":{"line":194,"column":2}},"69":{"start":{"line":184,"column":2},"end":{"line":193,"column":7}},"70":{"start":{"line":189,"column":6},"end":{"line":189,"column":32}},"71":{"start":{"line":189,"column":15},"end":{"line":189,"column":32}},"72":{"start":{"line":190,"column":6},"end":{"line":190,"column":69}},"73":{"start":{"line":190,"column":17},"end":{"line":190,"column":69}},"74":{"start":{"line":191,"column":6},"end":{"line":191,"column":25}},"75":{"start":{"line":192,"column":6},"end":{"line":192,"column":13}}},"fnMap":{"0":{"name":"(anonymous_0)","decl":{"start":{"line":12,"column":23},"end":{"line":12,"column":24}},"loc":{"start":{"line":12,"column":48},"end":{"line":14,"column":1}},"line":12},"1":{"name":"(anonymous_1)","decl":{"start":{"line":19,"column":17},"end":{"line":19,"column":18}},"loc":{"start":{"line":19,"column":36},"end":{"line":25,"column":1}},"line":19},"2":{"name":"(anonymous_2)","decl":{"start":{"line":30,"column":17},"end":{"line":30,"column":18}},"loc":{"start":{"line":30,"column":36},"end":{"line":36,"column":1}},"line":30},"3":{"name":"(anonymous_3)","decl":{"start":{"line":41,"column":18},"end":{"line":41,"column":19}},"loc":{"start":{"line":41,"column":37},"end":{"line":44,"column":1}},"line":41},"4":{"name":"(anonymous_4)","decl":{"start":{"line":49,"column":18},"end":{"line":49,"column":19}},"loc":{"start":{"line":49,"column":37},"end":{"line":51,"column":1}},"line":49},"5":{"name":"(anonymous_5)","decl":{"start":{"line":58,"column":22},"end":{"line":58,"column":23}},"loc":{"start":{"line":58,"column":41},"end":{"line":75,"column":1}},"line":58},"6":{"name":"(anonymous_6)","decl":{"start":{"line":63,"column":10},"end":{"line":63,"column":11}},"loc":{"start":{"line":63,"column":30},"end":{"line":69,"column":5}},"line":63},"7":{"name":"(anonymous_7)","decl":{"start":{"line":77,"column":17},"end":{"line":77,"column":18}},"loc":{"start":{"line":77,"column":36},"end":{"line":79,"column":1}},"line":77},"8":{"name":"(anonymous_8)","decl":{"start":{"line":84,"column":17},"end":{"line":84,"column":18}},"loc":{"start":{"line":84,"column":36},"end":{"line":114,"column":1}},"line":84},"9":{"name":"(anonymous_9)","decl":{"start":{"line":89,"column":12},"end":{"line":89,"column":13}},"loc":{"start":{"line":89,"column":39},"end":{"line":110,"column":5}},"line":89},"10":{"name":"(anonymous_10)","decl":{"start":{"line":95,"column":18},"end":{"line":95,"column":19}},"loc":{"start":{"line":95,"column":32},"end":{"line":106,"column":9}},"line":95},"11":{"name":"(anonymous_11)","decl":{"start":{"line":102,"column":26},"end":{"line":102,"column":27}},"loc":{"start":{"line":102,"column":40},"end":{"line":105,"column":11}},"line":102},"12":{"name":"(anonymous_12)","decl":{"start":{"line":119,"column":18},"end":{"line":119,"column":19}},"loc":{"start":{"line":119,"column":37},"end":{"line":132,"column":1}},"line":119},"13":{"name":"(anonymous_13)","decl":{"start":{"line":126,"column":10},"end":{"line":126,"column":11}},"loc":{"start":{"line":126,"column":30},"end":{"line":129,"column":5}},"line":126},"14":{"name":"(anonymous_14)","decl":{"start":{"line":134,"column":22},"end":{"line":134,"column":23}},"loc":{"start":{"line":134,"column":41},"end":{"line":159,"column":1}},"line":134},"15":{"name":"(anonymous_15)","decl":{"start":{"line":141,"column":12},"end":{"line":141,"column":13}},"loc":{"start":{"line":141,"column":32},"end":{"line":155,"column":7}},"line":141},"16":{"name":"(anonymous_16)","decl":{"start":{"line":164,"column":15},"end":{"line":164,"column":16}},"loc":{"start":{"line":164,"column":34},"end":{"line":171,"column":1}},"line":164},"17":{"name":"(anonymous_17)","decl":{"start":{"line":176,"column":13},"end":{"line":176,"column":14}},"loc":{"start":{"line":176,"column":32},"end":{"line":178,"column":1}},"line":176},"18":{"name":"(anonymous_18)","decl":{"start":{"line":183,"column":15},"end":{"line":183,"column":16}},"loc":{"start":{"line":183,"column":44},"end":{"line":194,"column":1}},"line":183},"19":{"name":"(anonymous_19)","decl":{"start":{"line":188,"column":10},"end":{"line":188,"column":11}},"loc":{"start":{"line":188,"column":30},"end":{"line":193,"column":5}},"line":188}},"branchMap":{"0":{"loc":{"start":{"line":20,"column":2},"end":{"line":24,"column":3}},"type":"if","locations":[{"start":{"line":20,"column":2},"end":{"line":24,"column":3}},{"start":{"line":20,"column":2},"end":{"line":24,"column":3}}],"line":20},"1":{"loc":{"start":{"line":31,"column":2},"end":{"line":35,"column":3}},"type":"if","locations":[{"start":{"line":31,"column":2},"end":{"line":35,"column":3}},{"start":{"line":31,"column":2},"end":{"line":35,"column":3}}],"line":31},"2":{"loc":{"start":{"line":59,"column":2},"end":{"line":73,"column":3}},"type":"if","locations":[{"start":{"line":59,"column":2},"end":{"line":73,"column":3}},{"start":{"line":59,"column":2},"end":{"line":73,"column":3}}],"line":59},"3":{"loc":{"start":{"line":59,"column":6},"end":{"line":59,"column":30}},"type":"binary-expr","locations":[{"start":{"line":59,"column":6},"end":{"line":59,"column":14}},{"start":{"line":59,"column":18},"end":{"line":59,"column":30}}],"line":59},"4":{"loc":{"start":{"line":64,"column":6},"end":{"line":68,"column":7}},"type":"if","locations":[{"start":{"line":64,"column":6},"end":{"line":68,"column":7}},{"start":{"line":64,"column":6},"end":{"line":68,"column":7}}],"line":64},"5":{"loc":{"start":{"line":86,"column":2},"end":{"line":113,"column":3}},"type":"if","locations":[{"start":{"line":86,"column":2},"end":{"line":113,"column":3}},{"start":{"line":86,"column":2},"end":{"line":113,"column":3}}],"line":86},"6":{"loc":{"start":{"line":86,"column":6},"end":{"line":86,"column":58}},"type":"binary-expr","locations":[{"start":{"line":86,"column":6},"end":{"line":86,"column":19}},{"start":{"line":86,"column":23},"end":{"line":86,"column":40}},{"start":{"line":86,"column":44},"end":{"line":86,"column":58}}],"line":86},"7":{"loc":{"start":{"line":90,"column":6},"end":{"line":109,"column":7}},"type":"if","locations":[{"start":{"line":90,"column":6},"end":{"line":109,"column":7}},{"start":{"line":90,"column":6},"end":{"line":109,"column":7}}],"line":90},"8":{"loc":{"start":{"line":96,"column":10},"end":{"line":101,"column":11}},"type":"if","locations":[{"start":{"line":96,"column":10},"end":{"line":101,"column":11}},{"start":{"line":96,"column":10},"end":{"line":101,"column":11}}],"line":96},"9":{"loc":{"start":{"line":103,"column":12},"end":{"line":103,"column":38}},"type":"if","locations":[{"start":{"line":103,"column":12},"end":{"line":103,"column":38}},{"start":{"line":103,"column":12},"end":{"line":103,"column":38}}],"line":103},"10":{"loc":{"start":{"line":121,"column":2},"end":{"line":130,"column":3}},"type":"if","locations":[{"start":{"line":121,"column":2},"end":{"line":130,"column":3}},{"start":{"line":121,"column":2},"end":{"line":130,"column":3}}],"line":121},"11":{"loc":{"start":{"line":121,"column":6},"end":{"line":122,"column":58}},"type":"binary-expr","locations":[{"start":{"line":121,"column":6},"end":{"line":121,"column":14}},{"start":{"line":121,"column":18},"end":{"line":121,"column":30}},{"start":{"line":121,"column":34},"end":{"line":121,"column":63}},{"start":{"line":122,"column":4},"end":{"line":122,"column":30}},{"start":{"line":122,"column":34},"end":{"line":122,"column":58}}],"line":121},"12":{"loc":{"start":{"line":135,"column":2},"end":{"line":157,"column":3}},"type":"if","locations":[{"start":{"line":135,"column":2},"end":{"line":157,"column":3}},{"start":{"line":135,"column":2},"end":{"line":157,"column":3}}],"line":135},"13":{"loc":{"start":{"line":135,"column":6},"end":{"line":135,"column":42}},"type":"binary-expr","locations":[{"start":{"line":135,"column":6},"end":{"line":135,"column":14}},{"start":{"line":135,"column":18},"end":{"line":135,"column":26}},{"start":{"line":135,"column":30},"end":{"line":135,"column":42}}],"line":135},"14":{"loc":{"start":{"line":137,"column":4},"end":{"line":156,"column":5}},"type":"if","locations":[{"start":{"line":137,"column":4},"end":{"line":156,"column":5}},{"start":{"line":137,"column":4},"end":{"line":156,"column":5}}],"line":137},"15":{"loc":{"start":{"line":137,"column":8},"end":{"line":137,"column":80}},"type":"binary-expr","locations":[{"start":{"line":137,"column":8},"end":{"line":137,"column":23}},{"start":{"line":137,"column":27},"end":{"line":137,"column":57}},{"start":{"line":137,"column":61},"end":{"line":137,"column":80}}],"line":137},"16":{"loc":{"start":{"line":145,"column":10},"end":{"line":147,"column":11}},"type":"if","locations":[{"start":{"line":145,"column":10},"end":{"line":147,"column":11}},{"start":{"line":145,"column":10},"end":{"line":147,"column":11}}],"line":145},"17":{"loc":{"start":{"line":149,"column":8},"end":{"line":154,"column":9}},"type":"if","locations":[{"start":{"line":149,"column":8},"end":{"line":154,"column":9}},{"start":{"line":149,"column":8},"end":{"line":154,"column":9}}],"line":149},"18":{"loc":{"start":{"line":177,"column":12},"end":{"line":177,"column":28}},"type":"binary-expr","locations":[{"start":{"line":177,"column":12},"end":{"line":177,"column":20}},{"start":{"line":177,"column":24},"end":{"line":177,"column":28}}],"line":177},"19":{"loc":{"start":{"line":189,"column":6},"end":{"line":189,"column":32}},"type":"if","locations":[{"start":{"line":189,"column":6},"end":{"line":189,"column":32}},{"start":{"line":189,"column":6},"end":{"line":189,"column":32}}],"line":189},"20":{"loc":{"start":{"line":190,"column":6},"end":{"line":190,"column":69}},"type":"if","locations":[{"start":{"line":190,"column":6},"end":{"line":190,"column":69}},{"start":{"line":190,"column":6},"end":{"line":190,"column":69}}],"line":190}},"s":{"0":1,"1":1,"2":1,"3":1,"4":0,"5":1,"6":0,"7":0,"8":0,"9":1,"10":0,"11":0,"12":0,"13":1,"14":0,"15":0,"16":1,"17":0,"18":1,"19":0,"20":0,"21":0,"22":0,"23":0,"24":0,"25":1,"26":0,"27":1,"28":0,"29":0,"30":0,"31":0,"32":0,"33":0,"34":0,"35":0,"36":0,"37":0,"38":0,"39":0,"40":0,"41":0,"42":0,"43":1,"44":0,"45":0,"46":0,"47":0,"48":0,"49":1,"50":0,"51":0,"52":0,"53":0,"54":0,"55":0,"56":0,"57":0,"58":0,"59":0,"60":0,"61":0,"62":0,"63":1,"64":0,"65":0,"66":1,"67":0,"68":1,"69":0,"70":0,"71":0,"72":0,"73":0,"74":0,"75":0},"f":{"0":0,"1":0,"2":0,"3":0,"4":0,"5":0,"6":0,"7":0,"8":0,"9":0,"10":0,"11":0,"12":0,"13":0,"14":0,"15":0,"16":0,"17":0,"18":0,"19":0},"b":{"0":[0,0],"1":[0,0],"2":[0,0],"3":[0,0],"4":[0,0],"5":[0,0],"6":[0,0,0],"7":[0,0],"8":[0,0],"9":[0,0],"10":[0,0],"11":[0,0,0,0,0],"12":[0,0],"13":[0,0,0],"14":[0,0],"15":[0,0,0],"16":[0,0],"17":[0,0],"18":[0,0],"19":[0,0],"20":[0,0]},"_coverageSchema":"332fd63041d2c1bcb487cc26dd0d5f7d97098a6c","hash":"9f18939ece6040294843a08e613d9bba2227cd6e","contentHash":"9ac7cd24ced3f543fb8e4eeba09ec0ee_12.0.2"},"/Users/andeladeveloper/Documents/Sims Project/ET-cfh/app/controllers/avatars.js":{"path":"/Users/andeladeveloper/Documents/Sims Project/ET-cfh/app/controllers/avatars.js","statementMap":{"0":{"start":{"line":4,"column":16},"end":{"line":21,"column":1}},"1":{"start":{"line":23,"column":0},"end":{"line":27,"column":2}},"2":{"start":{"line":26,"column":2},"end":{"line":26,"column":34}},"3":{"start":{"line":29,"column":0},"end":{"line":31,"column":2}},"4":{"start":{"line":30,"column":2},"end":{"line":30,"column":17}}},"fnMap":{"0":{"name":"(anonymous_0)","decl":{"start":{"line":23,"column":18},"end":{"line":23,"column":19}},"loc":{"start":{"line":23,"column":38},"end":{"line":27,"column":1}},"line":23},"1":{"name":"(anonymous_1)","decl":{"start":{"line":29,"column":14},"end":{"line":29,"column":15}},"loc":{"start":{"line":29,"column":26},"end":{"line":31,"column":1}},"line":29}},"branchMap":{},"s":{"0":1,"1":1,"2":0,"3":1,"4":2},"f":{"0":0,"1":2},"b":{},"_coverageSchema":"332fd63041d2c1bcb487cc26dd0d5f7d97098a6c","hash":"7df5da996feec6b693b74e8ec63e69e5ae348971","contentHash":"913a9bff8c74561cc8c6009c02b2fd83_12.0.2"},"/Users/andeladeveloper/Documents/Sims Project/ET-cfh/app/controllers/answers.js":{"path":"/Users/andeladeveloper/Documents/Sims Project/ET-cfh/app/controllers/answers.js","statementMap":{"0":{"start":{"line":4,"column":15},"end":{"line":4,"column":34}},"1":{"start":{"line":5,"column":12},"end":{"line":5,"column":28}},"2":{"start":{"line":6,"column":13},"end":{"line":6,"column":37}},"3":{"start":{"line":7,"column":8},"end":{"line":7,"column":29}},"4":{"start"
[...]
umn":5}},"208":{"start":{"line":404,"column":6},"end":{"line":404,"column":35}},"209":{"start":{"line":405,"column":24},"end":{"line":405,"column":83}},"210":{"start":{"line":406,"column":6},"end":{"line":406,"column":86}},"211":{"start":{"line":407,"column":6},"end":{"line":407,"column":43}},"212":{"start":{"line":408,"column":6},"end":{"line":408,"column":41}},"213":{"start":{"line":409,"column":6},"end":{"line":409,"column":40}},"214":{"start":{"line":410,"column":6},"end":{"line":410,"column":41}},"215":{"start":{"line":411,"column":6},"end":{"line":411,"column":30}},"216":{"start":{"line":413,"column":6},"end":{"line":413,"column":89}},"217":{"start":{"line":417,"column":4},"end":{"line":417,"column":22}},"218":{"start":{"line":421,"column":0},"end":{"line":426,"column":2}},"219":{"start":{"line":422,"column":2},"end":{"line":422,"column":42}},"220":{"start":{"line":423,"column":2},"end":{"line":423,"column":36}},"221":{"start":{"line":424,"column":2},"end":{"line":424,"column":37}},"222":{"start":{"line":425,"column":2},"end":{"line":425,"column":36}},"223":{"start":{"line":428,"column":0},"end":{"line":428,"column":22}}},"fnMap":{"0":{"name":"Game","decl":{"start":{"line":20,"column":9},"end":{"line":20,"column":13}},"loc":{"start":{"line":20,"column":26},"end":{"line":52,"column":1}},"line":20},"1":{"name":"(anonymous_1)","decl":{"start":{"line":54,"column":25},"end":{"line":54,"column":26}},"loc":{"start":{"line":54,"column":36},"end":{"line":81,"column":1}},"line":54},"2":{"name":"(anonymous_2)","decl":{"start":{"line":56,"column":23},"end":{"line":56,"column":24}},"loc":{"start":{"line":56,"column":46},"end":{"line":66,"column":3}},"line":56},"3":{"name":"(anonymous_3)","decl":{"start":{"line":83,"column":34},"end":{"line":83,"column":35}},"loc":{"start":{"line":83,"column":48},"end":{"line":85,"column":1}},"line":83},"4":{"name":"(anonymous_4)","decl":{"start":{"line":89,"column":36},"end":{"line":89,"column":37}},"loc":{"start":{"line":89,"column":47},"end":{"line":93,"column":1}},"line":89},"5":{"name":"(anonymous_5)","decl":{"start":{"line":90,"column":23},"end":{"line":90,"column":24}},"loc":{"start":{"line":90,"column":46},"end":{"line":92,"column":3}},"line":90},"6":{"name":"(anonymous_6)","decl":{"start":{"line":95,"column":34},"end":{"line":95,"column":35}},"loc":{"start":{"line":95,"column":45},"end":{"line":106,"column":1}},"line":95},"7":{"name":"(anonymous_7)","decl":{"start":{"line":97,"column":23},"end":{"line":97,"column":24}},"loc":{"start":{"line":97,"column":40},"end":{"line":105,"column":3}},"line":97},"8":{"name":"(anonymous_8)","decl":{"start":{"line":108,"column":29},"end":{"line":108,"column":30}},"loc":{"start":{"line":108,"column":40},"end":{"line":133,"column":1}},"line":108},"9":{"name":"(anonymous_9)","decl":{"start":{"line":124,"column":4},"end":{"line":124,"column":5}},"loc":{"start":{"line":124,"column":26},"end":{"line":132,"column":5}},"line":124},"10":{"name":"(anonymous_10)","decl":{"start":{"line":135,"column":27},"end":{"line":135,"column":28}},"loc":{"start":{"line":135,"column":38},"end":{"line":140,"column":1}},"line":135},"11":{"name":"(anonymous_11)","decl":{"start":{"line":142,"column":28},"end":{"line":142,"column":29}},"loc":{"start":{"line":142,"column":39},"end":{"line":144,"column":1}},"line":142},"12":{"name":"(anonymous_12)","decl":{"start":{"line":146,"column":31},"end":{"line":146,"column":32}},"loc":{"start":{"line":146,"column":46},"end":{"line":172,"column":1}},"line":146},"13":{"name":"(anonymous_13)","decl":{"start":{"line":155,"column":22},"end":{"line":155,"column":23}},"loc":{"start":{"line":155,"column":42},"end":{"line":157,"column":5}},"line":155},"14":{"name":"(anonymous_14)","decl":{"start":{"line":169,"column":36},"end":{"line":169,"column":37}},"loc":{"start":{"line":169,"column":47},"end":{"line":171,"column":3}},"line":169},"15":{"name":"(anonymous_15)","decl":{"start":{"line":174,"column":29},"end":{"line":174,"column":30}},"loc":{"start":{"line":174,"column":40},"end":{"line":186,"column":1}},"line":174},"16":{"name":"(anonymous_16)","decl":{"start":{"line":188,"column":30},"end":{"line":188,"column":31}},"loc":{"start":{"line":188,"column":45},"end":{"line":202,"column":1}},"line":188},"17":{"name":"(anonymous_17)","decl":{"start":{"line":197,"column":37},"end":{"line":197,"column":38}},"loc":{"start":{"line":197,"column":48},"end":{"line":200,"column":5}},"line":197},"18":{"name":"(anonymous_18)","decl":{"start":{"line":204,"column":30},"end":{"line":204,"column":31}},"loc":{"start":{"line":204,"column":45},"end":{"line":222,"column":1}},"line":204},"19":{"name":"(anonymous_19)","decl":{"start":{"line":215,"column":35},"end":{"line":215,"column":36}},"loc":{"start":{"line":215,"column":46},"end":{"line":221,"column":3}},"line":215},"20":{"name":"(anonymous_20)","decl":{"start":{"line":224,"column":30},"end":{"line":224,"column":31}},"loc":{"start":{"line":224,"column":47},"end":{"line":228,"column":1}},"line":224},"21":{"name":"(anonymous_21)","decl":{"start":{"line":230,"column":35},"end":{"line":230,"column":36}},"loc":{"start":{"line":230,"column":46},"end":{"line":233,"column":1}},"line":230},"22":{"name":"(anonymous_22)","decl":{"start":{"line":235,"column":30},"end":{"line":235,"column":31}},"loc":{"start":{"line":235,"column":43},"end":{"line":239,"column":1}},"line":235},"23":{"name":"(anonymous_23)","decl":{"start":{"line":236,"column":32},"end":{"line":236,"column":33}},"loc":{"start":{"line":236,"column":46},"end":{"line":238,"column":3}},"line":236},"24":{"name":"(anonymous_24)","decl":{"start":{"line":241,"column":28},"end":{"line":241,"column":29}},"loc":{"start":{"line":241,"column":41},"end":{"line":245,"column":1}},"line":241},"25":{"name":"(anonymous_25)","decl":{"start":{"line":242,"column":28},"end":{"line":242,"column":29}},"loc":{"start":{"line":242,"column":42},"end":{"line":244,"column":3}},"line":242},"26":{"name":"(anonymous_26)","decl":{"start":{"line":247,"column":30},"end":{"line":247,"column":31}},"loc":{"start":{"line":247,"column":46},"end":{"line":260,"column":1}},"line":247},"27":{"name":"(anonymous_27)","decl":{"start":{"line":262,"column":29},"end":{"line":262,"column":30}},"loc":{"start":{"line":262,"column":50},"end":{"line":276,"column":1}},"line":262},"28":{"name":"(anonymous_28)","decl":{"start":{"line":265,"column":21},"end":{"line":265,"column":22}},"loc":{"start":{"line":265,"column":41},"end":{"line":267,"column":3}},"line":265},"29":{"name":"(anonymous_29)","decl":{"start":{"line":278,"column":42},"end":{"line":278,"column":43}},"loc":{"start":{"line":278,"column":63},"end":{"line":286,"column":1}},"line":278},"30":{"name":"(anonymous_30)","decl":{"start":{"line":280,"column":23},"end":{"line":280,"column":24}},"loc":{"start":{"line":280,"column":47},"end":{"line":284,"column":3}},"line":280},"31":{"name":"(anonymous_31)","decl":{"start":{"line":288,"column":27},"end":{"line":288,"column":28}},"loc":{"start":{"line":288,"column":63},"end":{"line":336,"column":1}},"line":288},"32":{"name":"(anonymous_32)","decl":{"start":{"line":297,"column":25},"end":{"line":297,"column":26}},"loc":{"start":{"line":297,"column":52},"end":{"line":301,"column":7}},"line":297},"33":{"name":"(anonymous_33)","decl":{"start":{"line":338,"column":27},"end":{"line":338,"column":28}},"loc":{"start":{"line":338,"column":48},"end":{"line":345,"column":1}},"line":338},"34":{"name":"(anonymous_34)","decl":{"start":{"line":347,"column":30},"end":{"line":347,"column":31}},"loc":{"start":{"line":347,"column":51},"end":{"line":391,"column":1}},"line":347},"35":{"name":"(anonymous_35)","decl":{"start":{"line":393,"column":29},"end":{"line":393,"column":30}},"loc":{"start":{"line":393,"column":72},"end":{"line":419,"column":1}},"line":393},"36":{"name":"(anonymous_36)","decl":{"start":{"line":398,"column":23},"end":{"line":398,"column":24}},"loc":{"start":{"line":398,"column":51},"end":{"line":402,"column":5}},"line":398},"37":{"name":"(anonymous_37)","decl":{"start":{"line":421,"column":26},"end":{"line":421,"column":27}},"loc":{"start":{"line":421,"column":37},"end":{"line":426,"column":1}},"line":421}},"branchMap":{"0":{"loc":{"start":{"line":98,"column":4},"end":{"line":104,"column":5}},"type":"if","locations":[{"start":{"line":98,"column":4},"end":{"line":104,"column":5}},{"start":{"line":98,"column":4},"end":{"line":104,"column":5}}],"line":98},"1":{"loc":{"start":{"line":101,"column":6},"end":{"line":103,"column":7}},"type":"if","locations":[{"start":{"line":101,"column":6},"end":{"line":103,"column":7}},{"start":{"line":101,"column":6},"end":{"line":103,"column":7}}],"line":101},"2":{"loc":{"start":{"line":125,"column":6},"end":{"line":127,"column":7}},"type":"if","locations":[{"start":{"line":125,"column":6},"end":{"line":127,"column":7}},{"start":{"line":125,"column":6},"end":{"line":127,"column":7}}],"line":125},"3":{"loc":{"start":{"line":154,"column":2},"end":{"line":158,"column":3}},"type":"if","locations":[{"start":{"line":154,"column":2},"end":{"line":158,"column":3}},{"start":{"line":154,"column":2},"end":{"line":158,"column":3}}],"line":154},"4":{"loc":{"start":{"line":162,"column":2},"end":{"line":166,"column":3}},"type":"if","locations":[{"start":{"line":162,"column":2},"end":{"line":166,"column":3}},{"start":{"line":162,"column":2},"end":{"line":166,"column":3}}],"line":162},"5":{"loc":{"start":{"line":175,"column":2},"end":{"line":185,"column":3}},"type":"if","locations":[{"start":{"line":175,"column":2},"end":{"line":185,"column":3}},{"start":{"line":175,"column":2},"end":{"line":185,"column":3}}],"line":175},"6":{"loc":{"start":{"line":192,"column":2},"end":{"line":201,"column":3}},"type":"if","locations":[{"start":{"line":192,"column":2},"end":{"line":201,"column":3}},{"start":{"line":192,"column":2},"end":{"line":201,"column":3}}],"line":192},"7":{"loc":{"start":{"line":210,"column":4},"end":{"line":212,"column":5}},"type":"if","locations":[{"start":{"line":210,"column":4},"end":{"line":212,"column":5}},{"start":{"line":210,"column":4},"end":{"line":212,"column":5}}],"line":210},"8":{"loc":{"start":{"line":216,"column":4},"end":{"line":220,"column":5}},"type":"if","locations":[{"start":{"line":216,"column":4},"end":{"line":220,"column":5}},{"start":{"line":216,"column":4},"end":{"line":220,"column":5}}],"line":216},"9":{"loc":{"start":{"line":263,"column":15},"end":{"line":263,"column":31}},"type":"binary-expr","locations":[{"start":{"line":263,"column":15},"end":{"line":263,"column":25}},{"start":{"line":263,"column":29},"end":{"line":263,"column":31}}],"line":263},"10":{"loc":{"start":{"line":271,"column":6},"end":{"line":273,"column":7}},"type":"if","locations":[{"start":{"line":271,"column":6},"end":{"line":273,"column":7}},{"start":{"line":271,"column":6},"end":{"line":273,"column":7}}],"line":271},"11":{"loc":{"start":{"line":281,"column":4},"end":{"line":283,"column":5}},"type":"if","locations":[{"start":{"line":281,"column":4},"end":{"line":283,"column":5}},{"start":{"line":281,"column":4},"end":{"line":283,"column":5}}],"line":281},"12":{"loc":{"start":{"line":290,"column":2},"end":{"line":335,"column":3}},"type":"if","locations":[{"start":{"line":290,"column":2},"end":{"line":335,"column":3}},{"start":{"line":290,"column":2},"end":{"line":335,"column":3}}],"line":290},"13":{"loc":{"start":{"line":294,"column":4},"end":{"line":332,"column":5}},"type":"if","locations":[{"start":{"line":294,"column":4},"end":{"line":332,"column":5}},{"start":{"line":294,"column":4},"end":{"line":332,"column":5}}],"line":294},"14":{"loc":{"start":{"line":298,"column":8},"end":{"line":300,"column":9}},"type":"if","locations":[{"start":{"line":298,"column":8},"end":{"line":300,"column":9}},{"start":{"line":298,"column":8},"end":{"line":300,"column":9}}],"line":298},"15":{"loc":{"start":{"line":302,"column":6},"end":{"line":331,"column":7}},"type":"if","locations":[{"start":{"line":302,"column":6},"end":{"line":331,"column":7}},{"start":{"line":302,"column":6},"end":{"line":331,"column":7}}],"line":302},"16":{"loc":{"start":{"line":308,"column":12},"end":{"line":310,"column":13}},"type":"if","locations":[{"start":{"line":308,"column":12},"end":{"line":310,"column":13}},{"start":{"line":308,"column":12},"end":{"line":310,"column":13}}],"line":308},"17":{"loc":{"start":{"line":313,"column":10},"end":{"line":315,"column":11}},"type":"if","locations":[{"start":{"line":313,"column":10},"end":{"line":315,"column":11}},{"start":{"line":313,"column":10},"end":{"line":315,"column":11}}],"line":313},"18":{"loc":{"start":{"line":318,"column":8},"end":{"line":323,"column":9}},"type":"if","locations":[{"start":{"line":318,"column":8},"end":{"line":323,"column":9}},{"start":{"line":318,"column":8},"end":{"line":323,"column":9}}],"line":318},"19":{"loc":{"start":{"line":325,"column":8},"end":{"line":330,"column":9}},"type":"if","locations":[{"start":{"line":325,"column":8},"end":{"line":330,"column":9}},{"start":{"line":325,"column":8},"end":{"line":330,"column":9}}],"line":325},"20":{"loc":{"start":{"line":340,"column":2},"end":{"line":344,"column":3}},"type":"if","locations":[{"start":{"line":340,"column":2},"end":{"line":344,"column":3}},{"start":{"line":340,"column":2},"end":{"line":344,"column":3}}],"line":340},"21":{"loc":{"start":{"line":350,"column":2},"end":{"line":390,"column":3}},"type":"if","locations":[{"start":{"line":350,"column":2},"end":{"line":390,"column":3}},{"start":{"line":350,"column":2},"end":{"line":390,"column":3}}],"line":350},"22":{"loc":{"start":{"line":356,"column":6},"end":{"line":358,"column":7}},"type":"if","locations":[{"start":{"line":356,"column":6},"end":{"line":358,"column":7}},{"start":{"line":356,"column":6},"end":{"line":358,"column":7}}],"line":356},"23":{"loc":{"start":{"line":364,"column":4},"end":{"line":366,"column":5}},"type":"if","locations":[{"start":{"line":364,"column":4},"end":{"line":366,"column":5}},{"start":{"line":364,"column":4},"end":{"line":366,"column":5}}],"line":364},"24":{"loc":{"start":{"line":369,"column":4},"end":{"line":387,"column":5}},"type":"if","locations":[{"start":{"line":369,"column":4},"end":{"line":387,"column":5}},{"start":{"line":369,"column":4},"end":{"line":387,"column":5}}],"line":369},"25":{"loc":{"start":{"line":372,"column":6},"end":{"line":380,"column":7}},"type":"if","locations":[{"start":{"line":372,"column":6},"end":{"line":380,"column":7}},{"start":{"line":372,"column":6},"end":{"line":380,"column":7}}],"line":372},"26":{"loc":{"start":{"line":376,"column":13},"end":{"line":380,"column":7}},"type":"if","locations":[{"start":{"line":376,"column":13},"end":{"line":380,"column":7}},{"start":{"line":376,"column":13},"end":{"line":380,"column":7}}],"line":376},"27":{"loc":{"start":{"line":383,"column":6},"end":{"line":385,"column":7}},"type":"if","locations":[{"start":{"line":383,"column":6},"end":{"line":385,"column":7}},{"start":{"line":383,"column":6},"end":{"line":385,"column":7}}],"line":383},"28":{"loc":{"start":{"line":394,"column":15},"end":{"line":394,"column":34}},"type":"binary-expr","locations":[{"start":{"line":394,"column":15},"end":{"line":394,"column":25}},{"start":{"line":394,"column":29},"end":{"line":394,"column":34}}],"line":394},"29":{"loc":{"start":{"line":396,"column":2},"end":{"line":418,"column":3}},"type":"if","locations":[{"start":{"line":396,"column":2},"end":{"line":418,"column":3}},{"start":{"line":396,"column":2},"end":{"line":418,"column":3}}],"line":396},"30":{"loc":{"start":{"line":396,"column":6},"end":{"line":396,"column":94}},"type":"binary-expr","locations":[{"start":{"line":396,"column":7},"end":{"line":396,"column":32}},{"start":{"line":396,"column":36},"end":{"line":396,"column":46}},{"start":{"line":396,"column":51},"end":{"line":396,"column":94}}],"line":396},"31":{"loc":{"start":{"line":399,"column":6},"end":{"line":401,"column":7}},"type":"if","locations":[{"start":{"line":399,"column":6},"end":{"line":401,"column":7}},{"start":{"line":399,"column":6},"end":{"line":401,"column":7}}],"line":399},"32":{"loc":{"start":{"line":403,"column":4},"end":{"line":414,"column":5}},"type":"if","locations":[{"start":{"line":403,"column":4},"end":{"line":414,"column":5}},{"start":{"line":403,"column":4},"end":{"line":414,"column":5}}],"line":403}},"s":{"0":1,"1":1,"2":1,"3":1,"4":1,"5":2,"6":2,"7":2,"8":2,"9":2,"10":2,"11":2,"12":2,"13":2,"14":2,"15":2,"16":2,"17":2,"18":2,"19":2,"20":2,"21":2,"22":2,"23":2,"24":2,"25":2,"26":1,"27":25,"28":25,"29":66,"30":25,"31":1,"32":20,"33":1,"34":17,"35":33,"36":1,"37":13,"38":13,"39":32,"40":13,"41":13,"42":13,"43":0,"44":1,"45":3,"46":3,"47":3,"48":3,"49":3,"50":0,"51":3,"52":3,"53":3,"54":1,"55":3,"56":3,"57":3,"58":3,"59":1,"60":25,"61":1,"62":4,"63":4,"64":4,"65":4,"66":4,"67":4,"68":4,"69":4,"70":4,"71":4,"72":4,"73":4,"74":0,"75":4,"76":4,"77":4,"78":0,"79":1,"80":0,"81":0,"82":0,"83":0,"84":0,"85":0,"86":0,"87":0,"88":1,"89":0,"90":0,"91":0,"92":0,"93":0,"94":0,"95":1,"96":0,"97":0,"98":0,"99":0,"100":0,"101":0,"102":0,"103":0,"104":0,"105":0,"106":0,"107":1,"108":0,"109":0,"110":0,"111":1,"112":2,"113":2,"114":1,"115":7,"116":7,"117":1,"118":93,"119":93,"120":1,"121":6,"122":6,"123":0,"124":0,"125":0,"126":0,"127":6,"128":1,"129":4,"130":4,"131":4,"132":90,"133":4,"134":19,"135":90,"136":90,"137":90,"138":1,"139":7,"140":7,"141":20,"142":7,"143":7,"144":1,"145":0,"146":0,"147":0,"148":0,"149":0,"150":0,"151":0,"152":0,"153":0,"154":0,"155":0,"156":0,"157":0,"158":0,"159":0,"160":0,"161":0,"162":0,"163":0,"164":0,"165":0,"166":0,"167":0,"168":0,"169":0,"170":0,"171":0,"172":1,"173":0,"174":0,"175":0,"176":0,"177":1,"178":7,"179":7,"180":7,"181":7,"182":0,"183":0,"184":7,"185":7,"186":4,"187":7,"188":1,"189":1,"190":1,"191":1,"192":0,"193":0,"194":0,"195":6,"196":2,"197":6,"198":6,"199":1,"200":0,"201":0,"202":0,"203":0,"204":0,"205":0,"206":0,"207":0,"208":0,"209":0,"210":0,"211":0,"212":0,"213":0,"214":0,"215":0,"216":0,"217":0,"218":1,"219":2,"220":2,"221":2,"222":2,"223":1},"f":{"0":2,"1":25,"2":66,"3":20,"4":17,"5":33,"6":13,"7":32,"8":3,"9":3,"10":3,"11":25,"12":4,"13":4,"14":0,"15":0,"16":0,"17":0,"18":0,"19":0,"20":0,"21":2,"22":7,"23":7,"24":93,"25":93,"26":6,"27":4,"28":90,"29":7,"30":20,"31":0,"32":0,"33":0,"34":7,"35":0,"36":0,"37":2},"b":{"0":[13,19],"1":[0,13],"2":[0,3],"3":[4,0],"4":[0,4],"5":[0,0],"6":[0,0],"7":[0,0],"8":[0,0],"9":[4,4],"10":[90,0],"11":[7,13],"12":[0,0],"13":[0,0],"14":[0,0],"15":[0,0],"16":[0,0],"17":[0,0],"18":[0,0],"19":[0,0],"20":[0,0],"21":[7,0],"22":[0,0],"23":[4,3],"24":[1,6],"25":[1,0],"26":[0,0],"27":[2,4],"28":[0,0],"29":[0,0],"30":[0,0,0],"31":[0,0],"32":[0,0]},"_coverageSchema":"332fd63041d2c1bcb487cc26dd0d5f7d97098a6c","hash":"75e5fd627c1f7e5c556df5c254a07970e12fe465","contentHash":"9969d4a0e879e1ba926cd6e7f97214d7_12.0.2"},"/Users/andeladeveloper/Documents/Sims Project/ET-cfh/config/socket/player.js":{"path":"/Users/andeladeveloper/Documents/Sims Project/ET-cfh/config/socket/player.js","statementMap":{"0":{"start":{"line":2,"column":2},"end":{"line":2,"column":23}},"1":{"start":{"line":3,"column":2},"end":{"line":3,"column":17}},"2":{"start":{"line":4,"column":2},"end":{"line":4,"column":18}},"3":{"start":{"line":5,"column":2},"end":{"line":5,"column":23}},"4":{"start":{"line":6,"column":2},"end":{"line":6,"column":19}},"5":{"start":{"line":7,"column":2},"end":{"line":7,"column":21}},"6":{"start":{"line":8,"column":2},"end":{"line":8,"column":21}},"7":{"start":{"line":9,"column":2},"end":{"line":9,"column":20}},"8":{"start":{"line":12,"column":0},"end":{"line":12,"column":24}}},"fnMap":{"0":{"name":"Player","decl":{"start":{"line":1,"column":9},"end":{"line":1,"column":15}},"loc":{"start":{"line":1,"column":24},"end":{"line":10,"column":1}},"line":1}},"branchMap":{},"s":{"0":13,"1":13,"2":13,"3":13,"4":13,"5":13,"6":13,"7":13,"8":1},"f":{"0":13},"b":{},"_coverageSchema":"332fd63041d2c1bcb487cc26dd0d5f7d97098a6c","hash":"b14a3125492af901c068822f96231d41ab812639","contentHash":"747fbc759a9aee5cd2a739f96e3c4e0c_12.0.2"}}