TN:
SF:/Users/andeladeveloper/Documents/Sims Project/ET-cfh/server.js
FN:28,(anonymous_0)
FN:29,(anonymous_1)
FN:50,(anonymous_2)
FNF:3
FNH:2
FNDA:1,(anonymous_0)
FNDA:3,(anonymous_1)
FNDA:0,(anonymous_2)
DA:1,1
DA:5,1
DA:6,1
DA:7,1
DA:8,1
DA:9,1
DA:18,1
DA:19,1
DA:20,1
DA:21,1
DA:24,1
DA:27,1
DA:28,1
DA:29,1
DA:30,3
DA:31,3
DA:32,3
DA:33,3
DA:36,3
DA:38,0
DA:39,0
DA:43,1
DA:46,1
DA:48,1
DA:50,1
DA:51,0
DA:55,1
DA:58,1
DA:61,1
DA:62,1
DA:63,1
DA:65,1
DA:68,1
DA:71,1
DA:74,1
LF:35
LH:32
BRDA:18,0,0,1
BRDA:18,0,1,0
BRDA:32,1,0,3
BRDA:32,1,1,0
BRDA:33,2,0,3
BRDA:33,2,1,0
BRDA:38,3,0,0
BRDA:38,3,1,0
BRF:8
BRH:3
end_of_record
TN:
SF:/Users/andeladeveloper/Documents/Sims Project/ET-cfh/app/controllers/answers.js
FN:13,(anonymous_0)
FN:14,(anonymous_1)
FN:25,(anonymous_2)
FN:32,(anonymous_3)
FN:33,(anonymous_4)
FN:47,(anonymous_5)
FN:48,(anonymous_6)
FNF:7
FNH:2
FNDA:0,(anonymous_0)
FNDA:0,(anonymous_1)
FNDA:0,(anonymous_2)
FNDA:0,(anonymous_3)
FNDA:0,(anonymous_4)
FNDA:93,(anonymous_5)
FNDA:93,(anonymous_6)
DA:4,1
DA:5,1
DA:6,1
DA:7,1
DA:13,1
DA:14,0
DA:15,0
DA:16,0
DA:17,0
DA:18,0
DA:25,1
DA:26,0
DA:32,1
DA:33,0
DA:34,0
DA:35,0
DA:39,0
DA:47,1
DA:48,93
DA:49,93
DA:50,0
DA:52,93
LF:22
LH:11
BRDA:15,0,0,0
BRDA:15,0,1,0
BRDA:16,1,0,0
BRDA:16,1,1,0
BRDA:34,2,0,0
BRDA:34,2,1,0
BRDA:49,3,0,0
BRDA:49,3,1,93
BRF:8
BRH:1
end_of_record
TN:
SF:/Users/andeladeveloper/Documents/Sims Project/ET-cfh/app/controllers/avatars.js
FN:23,(anonymous_0)
FN:29,(anonymous_1)
FNF:2
FNH:1
FNDA:0,(anonymous_0)
FNDA:2,(anonymous_1)
DA:4,1
DA:23,1
DA:26,0
DA:29,1
DA:30,2
LF:5
LH:4
BRF:0
BRH:0
end_of_record
TN:
SF:/Users/andeladeveloper/Documents/Sims Project/ET-cfh/app/controllers/index.js
FN:11,(anonymous_0)
FN:19,(anonymous_1)
FNF:2
FNH:0
FNDA:0,(anonymous_0)
FNDA:0,(anonymous_1)
DA:4,1
DA:5,1
DA:6,1
DA:11,1
DA:12,0
DA:13,0
DA:15,0
DA:19,1
DA:20,0
LF:9
LH:5
BRDA:12,0,0,0
BRDA:12,0,1,0
BRDA:21,1,0,0
BRDA:21,1,1,0
BRF:4
BRH:0
end_of_record
TN:
SF:/Users/andeladeveloper/Documents/Sims Project/ET-cfh/app/controllers/questions.js
FN:13,(anonymous_0)
FN:14,(anonymous_1)
FN:25,(anonymous_2)
FN:32,(anonymous_3)
FN:33,(anonymous_4)
FN:47,(anonymous_5)
FN:48,(anonymous_6)
FNF:7
FNH:2
FNDA:0,(anonymous_0)
FNDA:0,(anonymous_1)
FNDA:0,(anonymous_2)
FNDA:0,(anonymous_3)
FNDA:0,(anonymous_4)
FNDA:7,(anonymous_5)
FNDA:7,(anonymous_6)
DA:4,1
DA:5,1
DA:6,1
DA:7,1
DA:13,1
DA:14,0
DA:15,0
DA:16,0
DA:17,0
DA:18,0
DA:25,1
DA:26,0
DA:32,1
DA:33,0
DA:34,0
DA:35,0
DA:39,0
DA:47,1
DA:48,7
DA:49,7
DA:50,0
DA:52,7
LF:22
LH:11
BRDA:15,0,0,0
BRDA:15,0,1,0
BRDA:16,1,0,0
BRDA:16,1,1,0
BRDA:34,2,0,0
BRDA:34,2,1,0
BRDA:49,3,0,0
BRDA:49,3,1,7
BRF:8
BRH:1
end_of_record
TN:
SF:/Users/andeladeveloper/Documents/Sims Project/ET-cfh/app/controllers/users.js
FN:12,(anonymous_0)
FN:19,(anonymous_1)
FN:30,(anonymous_2)
FN:41,(anonymous_3)
FN:49,(anonymous_4)
FN:58,(anonymous_5)
FN:63,(anonymous_6)
FN:77,(anonymous_7)
FN:84,(anonymous_8)
FN:89,(anonymous_9)
FN:95,(anonymous_10)
FN:102,(anonymous_11)
FN:119,(anonymous_12)
FN:126,(anonymous_13)
FN:134,(anonymous_14)
FN:141,(anonymous_15)
FN:164,(anonymous_16)
FN:176,(anonymous_17)
FN:183,(anonymous_18)
FN:188,(anonymous_19)
FNF:20
FNH:0
FNDA:0,(anonymous_0)
FNDA:0,(anonymous_1)
FNDA:0,(anonymous_2)
FNDA:0,(anonymous_3)
FNDA:0,(anonymous_4)
FNDA:0,(anonymous_5)
FNDA:0,(anonymous_6)
FNDA:0,(anonymous_7)
FNDA:0,(anonymous_8)
FNDA:0,(anonymous_9)
FNDA:0,(anonymous_10)
FNDA:0,(anonymous_11)
FNDA:0,(anonymous_12)
FNDA:0,(anonymous_13)
FNDA:0,(anonymous_14)
FNDA:0,(anonymous_15)
FNDA:0,(anonymous_16)
FNDA:0,(anonymous_17)
FNDA:0,(anonymous_18)
FNDA:0,(anonymous_19)
DA:4,1
DA:5,1
DA:7,1
DA:12,1
DA:13,0
DA:19,1
DA:20,0
DA:21,0
DA:23,0
DA:30,1
DA:31,0
DA:32,0
DA:34,0
DA:41,1
DA:42,0
DA:43,0
DA:49,1
DA:50,0
DA:58,1
DA:59,0
DA:60,0
DA:64,0
DA:65,0
DA:67,0
DA:72,0
DA:77,1
DA:78,0
DA:84,1
DA:86,0
DA:87,0
DA:90,0
DA:91,0
DA:93,0
DA:94,0
DA:95,0
DA:96,0
DA:97,0
DA:102,0
DA:103,0
DA:104,0
DA:108,0
DA:112,0
DA:119,1
DA:121,0
DA:123,0
DA:127,0
DA:128,0
DA:131,0
DA:134,1
DA:135,0
DA:137,0
DA:138,0
DA:143,0
DA:144,0
DA:145,0
DA:146,0
DA:149,0
DA:150,0
DA:151,0
DA:152,0
DA:153,0
DA:158,0
DA:164,1
DA:165,0
DA:167,0
DA:176,1
DA:177,0
DA:183,1
DA:184,0
DA:189,0
DA:190,0
DA:191,0
DA:192,0
LF:73
LH:16
BRDA:20,0,0,0
BRDA:20,0,1,0
BRDA:31,1,0,0
BRDA:31,1,1,0
BRDA:59,2,0,0
BRDA:59,2,1,0
BRDA:59,3,0,0
BRDA:59,3,1,0
BRDA:64,4,0,0
BRDA:64,4,1,0
BRDA:86,5,0,0
BRDA:86,5,1,0
BRDA:86,6,0,0
BRDA:86,6,1,0
BRDA:86,6,2,0
BRDA:90,7,0,0
BRDA:90,7,1,0
BRDA:96,8,0,0
BRDA:96,8,1,0
BRDA:103,9,0,0
BRDA:103,9,1,0
BRDA:121,10,0,0
BRDA:121,10,1,0
BRDA:121,11,0,0
BRDA:121,11,1,0
BRDA:121,11,2,0
BRDA:121,11,3,0
BRDA:121,11,4,0
BRDA:135,12,0,0
BRDA:135,12,1,0
BRDA:135,13,0,0
BRDA:135,13,1,0
BRDA:135,13,2,0
BRDA:137,14,0,0
BRDA:137,14,1,0
BRDA:137,15,0,0
BRDA:137,15,1,0
BRDA:137,15,2,0
BRDA:145,16,0,0
BRDA:145,16,1,0
BRDA:149,17,0,0
BRDA:149,17,1,0
BRDA:177,18,0,0
BRDA:177,18,1,0
BRDA:189,19,0,0
BRDA:189,19,1,0
BRDA:190,20,0,0
BRDA:190,20,1,0
BRF:48
BRH:0
end_of_record
TN:
SF:/Users/andeladeveloper/Documents/Sims Project/ET-cfh/app/models/answer.js
FN:34,(anonymous_0)
FNF:1
FNH:0
FNDA:0,(anonymous_0)
DA:4,1
DA:5,1
DA:6,1
DA:11,1
DA:33,1
DA:35,0
DA:41,1
LF:7
LH:6
BRF:0
BRH:0
end_of_record
TN:
SF:/Users/andeladeveloper/Documents/Sims Project/ET-cfh/app/models/question.js
FN:38,(anonymous_0)
FNF:1
FNH:0
FNDA:0,(anonymous_0)
DA:4,1
DA:5,1
DA:6,1
DA:12,1
DA:37,1
DA:39,0
DA:45,1
LF:7
LH:6
BRF:0
BRH:0
end_of_record
TN:
SF:/Users/andeladeveloper/Documents/Sims Project/ET-cfh/app/models/user.js
FN:32,(anonymous_0)
FN:35,(anonymous_1)
FN:42,(anonymous_2)
FN:47,(anonymous_3)
FN:53,(anonymous_4)
FN:59,(anonymous_5)
FN:65,(anonymous_6)
FN:75,(anonymous_7)
FN:95,(anonymous_8)
FN:109,(anonymous_9)
FNF:10
FNH:9
FNDA:1,(anonymous_0)
FNDA:1,(anonymous_1)
FNDA:1,(anonymous_2)
FNDA:2,(anonymous_3)
FNDA:1,(anonymous_4)
FNDA:1,(anonymous_5)
FNDA:1,(anonymous_6)
FNDA:1,(anonymous_7)
FNDA:0,(anonymous_8)
FNDA:1,(anonymous_9)
DA:4,1
DA:5,1
DA:6,1
DA:7,1
DA:8,1
DA:14,1
DA:32,1
DA:33,1
DA:34,1
DA:36,1
DA:42,1
DA:43,1
DA:47,1
DA:49,2
DA:50,2
DA:53,1
DA:55,1
DA:56,1
DA:59,1
DA:61,1
DA:62,1
DA:65,1
DA:67,1
DA:68,1
DA:75,1
DA:76,1
DA:78,1
DA:79,0
DA:81,1
DA:87,1
DA:96,0
DA:97,0
DA:99,0
DA:110,1
DA:111,1
DA:115,1
LF:36
LH:32
BRDA:43,0,0,1
BRDA:43,0,1,1
BRDA:49,1,0,0
BRDA:49,1,1,2
BRDA:55,2,0,0
BRDA:55,2,1,1
BRDA:61,3,0,0
BRDA:61,3,1,1
BRDA:67,4,0,0
BRDA:67,4,1,1
BRDA:76,5,0,0
BRDA:76,5,1,1
BRDA:78,6,0,0
BRDA:78,6,1,1
BRDA:78,7,0,1
BRDA:78,7,1,0
BRDA:96,8,0,0
BRDA:96,8,1,0
BRDA:96,9,0,0
BRDA:96,9,1,0
BRDA:110,10,0,0
BRDA:110,10,1,1
BRF:22
BRH:10
end_of_record
TN:
SF:/Users/andeladeveloper/Documents/Sims Project/ET-cfh/backend-test/article/model.js
FNF:0
FNH:0
LF:0
LH:0
BRF:0
BRH:0
end_of_record
TN:
SF:/Users/andeladeveloper/Documents/Sims Project/ET-cfh/backend-test/game/game.js
FN:16,(anonymous_0)
FN:18,(anonymous_1)
FN:20,(anonymous_2)
FN:24,(anonymous_3)
FN:30,(anonymous_4)
FN:32,(anonymous_5)
FN:36,(anonymous_6)
FN:38,(anonymous_7)
FN:45,(anonymous_8)
FN:48,(anonymous_9)
FN:53,(anonymous_10)
FN:56,(anonymous_11)
FN:58,(anonymous_12)
FN:66,(anonymous_13)
FN:69,(anonymous_14)
FN:75,(anonymous_15)
FN:77,(anonymous_16)
FN:80,(anonymous_17)
FN:83,(anonymous_18)
FN:88,(anonymous_19)
FN:91,(anonymous_20)
FN:94,(anonymous_21)
FN:102,(anonymous_22)
FN:105,(anonymous_23)
FN:114,(anonymous_24)
FN:116,(anonymous_25)
FN:119,(anonymous_26)
FN:122,(anonymous_27)
FN:125,(anonymous_28)
FN:128,(anonymous_29)
FN:131,(anonymous_30)
FN:136,(anonymous_31)
FN:139,(anonymous_32)
FN:144,(anonymous_33)
FN:147,(anonymous_34)
FN:150,(anonymous_35)
FN:153,(anonymous_36)
FN:156,(anonymous_37)
FNF:38
FNH:38
FNDA:1,(anonymous_0)
FNDA:1,(anonymous_1)
FNDA:1,(anonymous_2)
FNDA:1,(anonymous_3)
FNDA:1,(anonymous_4)
FNDA:1,(anonymous_5)
FNDA:1,(anonymous_6)
FNDA:1,(anonymous_7)
FNDA:1,(anonymous_8)
FNDA:1,(anonymous_9)
FNDA:1,(anonymous_10)
FNDA:1,(anonymous_11)
FNDA:1,(anonymous_12)
FNDA:1,(anonymous_13)
FNDA:1,(anonymous_14)
FNDA:1,(anonymous_15)
FNDA:1,(anonymous_16)
FNDA:1,(anonymous_17)
FNDA:1,(anonymous_18)
FNDA:1,(anonymous_19)
FNDA:1,(anonymous_20)
FNDA:1,(anonymous_21)
FNDA:1,(anonymous_22)
FNDA:1,(anonymous_23)
FNDA:1,(anonymous_24)
FNDA:1,(anonymous_25)
FNDA:1,(anonymous_26)
FNDA:1,(anonymous_27)
FNDA:1,(anonymous_28)
FNDA:1,(anonymous_29)
FNDA:1,(anonymous_30)
FNDA:1,(anonymous_31)
FNDA:8,(anonymous_32)
FNDA:1,(anonymous_33)
FNDA:1,(anonymous_34)
FNDA:1,(anonymous_35)
FNDA:1,(anonymous_36)
FNDA:1,(anonymous_37)
DA:1,1
DA:2,1
DA:3,1
DA:5,1
DA:7,1
DA:12,1
DA:13,1
DA:14,1
DA:16,1
DA:18,1
DA:19,1
DA:20,1
DA:21,1
DA:22,1
DA:24,1
DA:25,1
DA:26,1
DA:30,1
DA:31,1
DA:32,1
DA:33,1
DA:34,1
DA:36,1
DA:37,1
DA:38,1
DA:39,1
DA:41,1
DA:45,1
DA:46,1
DA:48,1
DA:49,1
DA:50,1
DA:51,1
DA:53,1
DA:54,1
DA:55,1
DA:56,1
DA:57,1
DA:58,1
DA:59,1
DA:62,1
DA:66,1
DA:68,1
DA:69,1
DA:70,1
DA:71,1
DA:72,1
DA:73,1
DA:75,1
DA:76,1
DA:77,1
DA:78,1
DA:80,1
DA:81,1
DA:83,1
DA:84,1
DA:86,1
DA:88,1
DA:89,1
DA:90,1
DA:91,1
DA:92,1
DA:93,1
DA:94,1
DA:95,1
DA:96,1
DA:102,1
DA:104,1
DA:105,1
DA:106,1
DA:107,1
DA:108,1
DA:109,1
DA:110,1
DA:111,1
DA:112,1
DA:114,1
DA:115,1
DA:116,1
DA:117,1
DA:119,1
DA:120,1
DA:122,1
DA:123,1
DA:125,1
DA:126,1
DA:128,1
DA:129,1
DA:131,1
DA:132,1
DA:134,1
DA:136,1
DA:137,1
DA:138,1
DA:139,1
DA:140,8
DA:141,8
DA:142,1
DA:143,1
DA:144,1
DA:145,1
DA:146,1
DA:147,1
DA:148,1
DA:149,1
DA:150,1
DA:151,1
DA:152,1
DA:153,1
DA:154,1
DA:155,1
DA:156,1
DA:157,1
DA:158,1
LF:114
LH:114
BRDA:141,0,0,1
BRDA:141,0,1,7
BRF:2
BRH:2
end_of_record
TN:
SF:/Users/andeladeveloper/Documents/Sims Project/ET-cfh/backend-test/user/model.js
FN:13,(anonymous_0)
FN:14,(anonymous_1)
FN:15,(anonymous_2)
FN:26,(anonymous_3)
FN:27,(anonymous_4)
FN:28,(anonymous_5)
FN:34,(anonymous_6)
FN:36,(anonymous_7)
FN:43,(anonymous_8)
FNF:9
FNH:9
FNDA:1,(anonymous_0)
FNDA:1,(anonymous_1)
FNDA:1,(anonymous_2)
FNDA:1,(anonymous_3)
FNDA:1,(anonymous_4)
FNDA:1,(anonymous_5)
FNDA:1,(anonymous_6)
FNDA:1,(anonymous_7)
FNDA:1,(anonymous_8)
DA:4,1
DA:5,1
DA:6,1
DA:7,1
DA:13,1
DA:14,1
DA:15,1
DA:16,1
DA:23,1
DA:26,1
DA:27,1
DA:28,1
DA:29,1
DA:30,1
DA:34,1
DA:35,1
DA:36,1
DA:37,1
DA:38,1
DA:43,1
DA:44,1
LF:21
LH:21
BRF:0
BRH:0
end_of_record
TN:
SF:/Users/andeladeveloper/Documents/Sims Project/ET-cfh/config/config.js
FNF:0
FNH:0
DA:1,1
DA:4,1
LF:2
LH:2
BRDA:6,0,0,1
BRDA:6,0,1,0
BRF:2
BRH:1
end_of_record
TN:
SF:/Users/andeladeveloper/Documents/Sims Project/ET-cfh/config/express.js
FN:10,(anonymous_0)
FN:15,(anonymous_1)
FN:37,(anonymous_2)
FN:69,(anonymous_3)
FN:83,(anonymous_4)
FNF:5
FNH:2
FNDA:1,(anonymous_0)
FNDA:0,(anonymous_1)
FNDA:1,(anonymous_2)
FNDA:0,(anonymous_3)
FNDA:0,(anonymous_4)
DA:4,1
DA:5,1
DA:6,1
DA:7,1
DA:8,1
DA:10,1
DA:11,1
DA:14,1
DA:16,0
DA:22,1
DA:23,1
DA:26,1
DA:27,0
DA:31,1
DA:32,1
DA:35,1
DA:37,1
DA:39,1
DA:42,1
DA:43,1
DA:46,1
DA:56,1
DA:59,1
DA:62,1
DA:63,1
DA:66,1
DA:69,1
DA:71,0
DA:74,0
DA:77,0
DA:83,1
DA:84,0
LF:32
LH:26
BRDA:26,0,0,0
BRDA:26,0,1,1
BRDA:71,1,0,0
BRDA:71,1,1,0
BRF:4
BRH:1
end_of_record
TN:
SF:/Users/andeladeveloper/Documents/Sims Project/ET-cfh/config/passport.js
FN:11,(anonymous_0)
FN:13,(anonymous_1)
FN:17,(anonymous_2)
FN:20,(anonymous_3)
FN:33,(anonymous_4)
FN:36,(anonymous_5)
FN:63,(anonymous_6)
FN:66,(anonymous_7)
FN:77,(anonymous_8)
FN:94,(anonymous_9)
FN:97,(anonymous_10)
FN:110,(anonymous_11)
FN:129,(anonymous_12)
FN:132,(anonymous_13)
FN:144,(anonymous_14)
FN:161,(anonymous_15)
FN:164,(anonymous_16)
FN:176,(anonymous_17)
FNF:18
FNH:1
FNDA:1,(anonymous_0)
FNDA:0,(anonymous_1)
FNDA:0,(anonymous_2)
FNDA:0,(anonymous_3)
FNDA:0,(anonymous_4)
FNDA:0,(anonymous_5)
FNDA:0,(anonymous_6)
FNDA:0,(anonymous_7)
FNDA:0,(anonymous_8)
FNDA:0,(anonymous_9)
FNDA:0,(anonymous_10)
FNDA:0,(anonymous_11)
FNDA:0,(anonymous_12)
FNDA:0,(anonymous_13)
FNDA:0,(anonymous_14)
FNDA:0,(anonymous_15)
FNDA:0,(anonymous_16)
FNDA:0,(anonymous_17)
DA:1,1
DA:2,1
DA:3,1
DA:4,1
DA:5,1
DA:6,1
DA:7,1
DA:8,1
DA:11,1
DA:13,1
DA:14,0
DA:17,1
DA:18,0
DA:21,0
DA:22,0
DA:23,0
DA:24,0
DA:29,1
DA:34,0
DA:37,0
DA:38,0
DA:40,0
DA:41,0
DA:45,0
DA:46,0
DA:50,0
DA:51,0
DA:52,0
DA:58,1
DA:64,0
DA:67,0
DA:68,0
DA:70,0
DA:71,0
DA:77,0
DA:78,0
DA:79,0
DA:82,0
DA:89,1
DA:95,0
DA:98,0
DA:99,0
DA:101,0
DA:102,0
DA:103,0
DA:110,0
DA:111,0
DA:112,0
DA:113,0
DA:116,0
DA:117,0
DA:124,1
DA:130,0
DA:133,0
DA:134,0
DA:136,0
DA:137,0
DA:144,0
DA:145,0
DA:146,0
DA:149,0
DA:156,1
DA:162,0
DA:165,0
DA:166,0
DA:168,0
DA:169,0
DA:176,0
DA:177,0
DA:178,0
DA:181,0
LF:71
LH:16
BRDA:37,0,0,0
BRDA:37,0,1,0
BRDA:40,1,0,0
BRDA:40,1,1,0
BRDA:45,2,0,0
BRDA:45,2,1,0
BRDA:59,3,0,1
BRDA:59,3,1,1
BRDA:60,4,0,1
BRDA:60,4,1,1
BRDA:67,5,0,0
BRDA:67,5,1,0
BRDA:70,6,0,0
BRDA:70,6,1,0
BRDA:78,7,0,0
BRDA:78,7,1,0
BRDA:90,8,0,1
BRDA:90,8,1,1
BRDA:91,9,0,1
BRDA:91,9,1,1
BRDA:98,10,0,0
BRDA:98,10,1,0
BRDA:101,11,0,0
BRDA:101,11,1,0
BRDA:105,12,0,0
BRDA:105,12,1,0
BRDA:105,12,2,0
BRDA:111,13,0,0
BRDA:111,13,1,0
BRDA:125,14,0,1
BRDA:125,14,1,1
BRDA:126,15,0,1
BRDA:126,15,1,1
BRDA:133,16,0,0
BRDA:133,16,1,0
BRDA:136,17,0,0
BRDA:136,17,1,0
BRDA:145,18,0,0
BRDA:145,18,1,0
BRDA:157,19,0,1
BRDA:157,19,1,1
BRDA:158,20,0,1
BRDA:158,20,1,1
BRDA:165,21,0,0
BRDA:165,21,1,0
BRDA:168,22,0,0
BRDA:168,22,1,0
BRDA:177,23,0,0
BRDA:177,23,1,0
BRF:49
BRH:16
end_of_record
TN:
SF:/Users/andeladeveloper/Documents/Sims Project/ET-cfh/config/routes.js
FN:3,(anonymous_0)
FNF:1
FNH:1
FNDA:1,(anonymous_0)
DA:1,1
DA:3,1
DA:5,1
DA:6,1
DA:7,1
DA:8,1
DA:9,1
DA:12,1
DA:13,1
DA:14,1
DA:17,1
DA:19,1
DA:24,1
DA:25,1
DA:28,1
DA:33,1
DA:38,1
DA:42,1
DA:47,1
DA:51,1
DA:56,1
DA:64,1
DA:69,1
DA:72,1
DA:73,1
DA:74,1
DA:76,1
DA:79,1
DA:80,1
DA:81,1
DA:83,1
DA:86,1
DA:87,1
DA:90,1
DA:91,1
DA:92,1
LF:36
LH:36
BRF:0
BRH:0
end_of_record
TN:
SF:/Users/andeladeveloper/Documents/Sims Project/ET-cfh/config/env/all.js
FNF:0
FNH:0
DA:1,1
DA:2,1
DA:3,1
DA:4,1
DA:6,1
LF:5
LH:5
BRDA:8,0,0,1
BRDA:8,0,1,1
BRF:2
BRH:2
end_of_record
TN:
SF:/Users/andeladeveloper/Documents/Sims Project/ET-cfh/config/env/test.js
FNF:0
FNH:0
DA:1,1
DA:2,1
LF:2
LH:2
BRF:0
BRH:0
end_of_record
TN:
SF:/Users/andeladeveloper/Documents/Sims Project/ET-cfh/config/middlewares/authorization.js
FN:4,(anonymous_0)
FN:15,(anonymous_1)
FNF:2
FNH:0
FNDA:0,(anonymous_0)
FNDA:0,(anonymous_1)
DA:4,1
DA:5,0
DA:6,0
DA:8,0
DA:14,1
DA:16,0
DA:17,0
DA:19,0
LF:8
LH:2
BRDA:5,0,0,0
BRDA:5,0,1,0
BRDA:16,1,0,0
BRDA:16,1,1,0
BRF:4
BRH:0
end_of_record
TN:
SF:/Users/andeladeveloper/Documents/Sims Project/ET-cfh/config/socket/game.js
FN:20,Game
FN:54,(anonymous_1)
FN:56,(anonymous_2)
FN:83,(anonymous_3)
FN:89,(anonymous_4)
FN:90,(anonymous_5)
FN:95,(anonymous_6)
FN:97,(anonymous_7)
FN:108,(anonymous_8)
FN:124,(anonymous_9)
FN:135,(anonymous_10)
FN:142,(anonymous_11)
FN:146,(anonymous_12)
FN:155,(anonymous_13)
FN:169,(anonymous_14)
FN:174,(anonymous_15)
FN:188,(anonymous_16)
FN:197,(anonymous_17)
FN:204,(anonymous_18)
FN:215,(anonymous_19)
FN:224,(anonymous_20)
FN:230,(anonymous_21)
FN:235,(anonymous_22)
FN:236,(anonymous_23)
FN:241,(anonymous_24)
FN:242,(anonymous_25)
FN:247,(anonymous_26)
FN:262,(anonymous_27)
FN:265,(anonymous_28)
FN:278,(anonymous_29)
FN:280,(anonymous_30)
FN:288,(anonymous_31)
FN:297,(anonymous_32)
FN:338,(anonymous_33)
FN:347,(anonymous_34)
FN:393,(anonymous_35)
FN:398,(anonymous_36)
FN:421,(anonymous_37)
FNF:38
FNH:26
FNDA:2,Game
FNDA:25,(anonymous_1)
FNDA:66,(anonymous_2)
FNDA:20,(anonymous_3)
FNDA:17,(anonymous_4)
FNDA:33,(anonymous_5)
FNDA:13,(anonymous_6)
FNDA:32,(anonymous_7)
FNDA:3,(anonymous_8)
FNDA:3,(anonymous_9)
FNDA:3,(anonymous_10)
FNDA:25,(anonymous_11)
FNDA:4,(anonymous_12)
FNDA:4,(anonymous_13)
FNDA:0,(anonymous_14)
FNDA:0,(anonymous_15)
FNDA:0,(anonymous_16)
FNDA:0,(anonymous_17)
FNDA:0,(anonymous_18)
FNDA:0,(anonymous_19)
FNDA:0,(anonymous_20)
FNDA:2,(anonymous_21)
FNDA:7,(anonymous_22)
FNDA:7,(anonymous_23)
FNDA:93,(anonymous_24)
FNDA:93,(anonymous_25)
FNDA:6,(anonymous_26)
FNDA:4,(anonymous_27)
FNDA:90,(anonymous_28)
FNDA:7,(anonymous_29)
FNDA:20,(anonymous_30)
FNDA:0,(anonymous_31)
FNDA:0,(anonymous_32)
FNDA:0,(anonymous_33)
FNDA:7,(anonymous_34)
FNDA:0,(anonymous_35)
FNDA:0,(anonymous_36)
FNDA:2,(anonymous_37)
DA:1,1
DA:2,1
DA:3,1
DA:4,1
DA:5,1
DA:21,2
DA:22,2
DA:23,2
DA:24,2
DA:25,2
DA:26,2
DA:27,2
DA:28,2
DA:29,2
DA:30,2
DA:31,2
DA:32,2
DA:33,2
DA:34,2
DA:35,2
DA:36,2
DA:37,2
DA:45,2
DA:49,2
DA:50,2
DA:51,2
DA:54,1
DA:55,25
DA:56,25
DA:57,66
DA:67,25
DA:83,1
DA:84,20
DA:89,1
DA:90,17
DA:91,33
DA:95,1
DA:96,13
DA:97,13
DA:98,32
DA:99,13
DA:100,13
DA:101,13
DA:102,0
DA:108,1
DA:109,3
DA:111,3
DA:119,3
DA:120,3
DA:125,3
DA:126,0
DA:128,3
DA:129,3
DA:131,3
DA:135,1
DA:136,3
DA:137,3
DA:138,3
DA:139,3
DA:142,1
DA:143,25
DA:146,1
DA:147,4
DA:149,4
DA:150,4
DA:151,4
DA:152,4
DA:153,4
DA:154,4
DA:155,4
DA:156,4
DA:159,4
DA:160,4
DA:162,4
DA:163,0
DA:165,4
DA:167,4
DA:169,4
DA:170,0
DA:174,1
DA:175,0
DA:176,0
DA:177,0
DA:178,0
DA:179,0
DA:180,0
DA:181,0
DA:184,0
DA:188,1
DA:189,0
DA:192,0
DA:194,0
DA:196,0
DA:197,0
DA:199,0
DA:204,1
DA:205,0
DA:206,0
DA:208,0
DA:209,0
DA:210,0
DA:211,0
DA:214,0
DA:215,0
DA:216,0
DA:217,0
DA:219,0
DA:224,1
DA:225,0
DA:226,0
DA:227,0
DA:230,1
DA:231,2
DA:232,2
DA:235,1
DA:236,7
DA:237,7
DA:241,1
DA:242,93
DA:243,93
DA:247,1
DA:248,6
DA:252,6
DA:253,0
DA:254,0
DA:255,0
DA:256,0
DA:259,6
DA:262,1
DA:263,4
DA:264,4
DA:265,4
DA:266,90
DA:268,4
DA:269,19
DA:270,90
DA:271,90
DA:272,90
DA:278,1
DA:279,7
DA:280,7
DA:281,20
DA:282,7
DA:285,7
DA:288,1
DA:290,0
DA:292,0
DA:293,0
DA:294,0
DA:296,0
DA:297,0
DA:298,0
DA:299,0
DA:302,0
DA:304,0
DA:305,0
DA:306,0
DA:307,0
DA:308,0
DA:309,0
DA:312,0
DA:313,0
DA:314,0
DA:316,0
DA:318,0
DA:319,0
DA:324,0
DA:325,0
DA:326,0
DA:327,0
DA:329,0
DA:334,0
DA:338,1
DA:339,0
DA:340,0
DA:341,0
DA:343,0
DA:347,1
DA:348,7
DA:350,7
DA:352,7
DA:355,7
DA:356,0
DA:357,0
DA:362,7
DA:364,7
DA:365,4
DA:369,7
DA:372,1
DA:373,1
DA:374,1
DA:375,1
DA:376,0
DA:378,0
DA:379,0
DA:383,6
DA:384,2
DA:386,6
DA:389,6
DA:393,1
DA:394,0
DA:395,0
DA:396,0
DA:397,0
DA:398,0
DA:399,0
DA:400,0
DA:403,0
DA:404,0
DA:405,0
DA:406,0
DA:407,0
DA:408,0
DA:409,0
DA:410,0
DA:411,0
DA:413,0
DA:417,0
DA:421,1
DA:422,2
DA:423,2
DA:424,2
DA:425,2
DA:428,1
LF:224
LH:134
BRDA:98,0,0,13
BRDA:98,0,1,19
BRDA:101,1,0,0
BRDA:101,1,1,13
BRDA:125,2,0,0
BRDA:125,2,1,3
BRDA:154,3,0,4
BRDA:154,3,1,0
BRDA:162,4,0,0
BRDA:162,4,1,4
BRDA:175,5,0,0
BRDA:175,5,1,0
BRDA:192,6,0,0
BRDA:192,6,1,0
BRDA:210,7,0,0
BRDA:210,7,1,0
BRDA:216,8,0,0
BRDA:216,8,1,0
BRDA:263,9,0,4
BRDA:263,9,1,4
BRDA:271,10,0,90
BRDA:271,10,1,0
BRDA:281,11,0,7
BRDA:281,11,1,13
BRDA:290,12,0,0
BRDA:290,12,1,0
BRDA:294,13,0,0
BRDA:294,13,1,0
BRDA:298,14,0,0
BRDA:298,14,1,0
BRDA:302,15,0,0
BRDA:302,15,1,0
BRDA:308,16,0,0
BRDA:308,16,1,0
BRDA:313,17,0,0
BRDA:313,17,1,0
BRDA:318,18,0,0
BRDA:318,18,1,0
BRDA:325,19,0,0
BRDA:325,19,1,0
BRDA:340,20,0,0
BRDA:340,20,1,0
BRDA:350,21,0,7
BRDA:350,21,1,0
BRDA:356,22,0,0
BRDA:356,22,1,0
BRDA:364,23,0,4
BRDA:364,23,1,3
BRDA:369,24,0,1
BRDA:369,24,1,6
BRDA:372,25,0,1
BRDA:372,25,1,0
BRDA:376,26,0,0
BRDA:376,26,1,0
BRDA:383,27,0,2
BRDA:383,27,1,4
BRDA:394,28,0,0
BRDA:394,28,1,0
BRDA:396,29,0,0
BRDA:396,29,1,0
BRDA:396,30,0,0
BRDA:396,30,1,0
BRDA:396,30,2,0
BRDA:399,31,0,0
BRDA:399,31,1,0
BRDA:403,32,0,0
BRDA:403,32,1,0
BRF:67
BRH:19
end_of_record
TN:
SF:/Users/andeladeveloper/Documents/Sims Project/ET-cfh/config/socket/player.js
FN:1,Player
FNF:1
FNH:1
FNDA:13,Player
DA:2,13
DA:3,13
DA:4,13
DA:5,13
DA:6,13
DA:7,13
DA:8,13
DA:9,13
DA:12,1
LF:9
LH:9
BRF:0
BRH:0
end_of_record
TN:
SF:/Users/andeladeveloper/Documents/Sims Project/ET-cfh/config/socket/socket.js
FN:11,(anonymous_0)
FN:19,(anonymous_1)
FN:23,(anonymous_2)
FN:32,(anonymous_3)
FN:40,(anonymous_4)
FN:46,(anonymous_5)
FN:51,(anonymous_6)
FN:57,(anonymous_7)
FN:68,(anonymous_8)
FN:72,(anonymous_9)
FN:78,(anonymous_10)
FN:85,(anonymous_11)
FN:109,(anonymous_12)
FN:152,(anonymous_13)
FN:186,(anonymous_14)
FN:211,(anonymous_15)
FNF:16
FNH:11
FNDA:1,(anonymous_0)
FNDA:13,(anonymous_1)
FNDA:0,(anonymous_2)
FNDA:0,(anonymous_3)
FNDA:13,(anonymous_4)
FNDA:0,(anonymous_5)
FNDA:2,(anonymous_6)
FNDA:1,(anonymous_7)
FNDA:0,(anonymous_8)
FNDA:13,(anonymous_9)
FNDA:13,(anonymous_10)
FNDA:0,(anonymous_11)
FNDA:13,(anonymous_12)
FNDA:7,(anonymous_13)
FNDA:1,(anonymous_14)
FNDA:13,(anonymous_15)
DA:1,1
DA:2,1
DA:3,1
DA:4,1
DA:5,1
DA:7,1
DA:9,1
DA:11,1
DA:14,1
DA:15,1
DA:16,1
DA:17,1
DA:19,1
DA:20,13
DA:21,13
DA:23,13
DA:24,0
DA:25,0
DA:26,0
DA:28,0
DA:32,13
DA:33,0
DA:34,0
DA:36,0
DA:40,13
DA:41,13
DA:42,13
DA:46,13
DA:47,0
DA:48,0
DA:51,13
DA:52,2
DA:53,2
DA:54,2
DA:55,2
DA:57,2
DA:58,1
DA:59,1
DA:62,2
DA:63,2
DA:68,13
DA:69,0
DA:72,13
DA:73,13
DA:74,13
DA:78,1
DA:79,13
DA:80,13
DA:81,13
DA:82,13
DA:83,0
DA:86,0
DA:87,0
DA:88,0
DA:90,0
DA:92,0
DA:93,0
DA:95,0
DA:96,0
DA:97,0
DA:99,0
DA:103,13
DA:104,13
DA:105,13
DA:109,1
DA:110,13
DA:111,13
DA:112,13
DA:113,13
DA:114,5
DA:115,5
DA:121,5
DA:124,5
DA:125,5
DA:126,5
DA:127,5
DA:128,5
DA:129,5
DA:130,5
DA:131,5
DA:132,5
DA:133,5
DA:134,1
DA:135,1
DA:142,8
DA:143,8
DA:144,1
DA:146,7
DA:152,1
DA:154,7
DA:155,1
DA:156,1
DA:157,1
DA:158,1
DA:159,1
DA:160,1
DA:161,1
DA:162,1
DA:163,1
DA:164,1
DA:165,1
DA:166,1
DA:167,1
DA:169,6
DA:170,6
DA:171,6
DA:172,6
DA:173,6
DA:174,6
DA:175,6
DA:176,6
DA:177,6
DA:178,6
DA:179,6
DA:180,0
DA:181,0
DA:186,1
DA:187,1
DA:188,1
DA:190,1
DA:191,1
DA:192,1
DA:193,6
DA:195,1
DA:196,1
DA:199,1
DA:200,1
DA:201,1
DA:202,1
DA:203,1
DA:204,1
DA:205,1
DA:206,1
DA:207,1
DA:208,1
DA:211,1
DA:212,13
DA:213,13
DA:214,9
DA:215,9
DA:216,9
DA:217,9
DA:219,7
DA:221,2
DA:222,2
DA:223,6
DA:225,2
DA:226,2
DA:229,13
LF:149
LH:126
BRDA:25,0,0,0
BRDA:25,0,1,0
BRDA:33,1,0,0
BRDA:33,1,1,0
BRDA:41,2,0,13
BRDA:41,2,1,0
BRDA:52,3,0,2
BRDA:52,3,1,0
BRDA:55,4,0,2
BRDA:55,4,1,0
BRDA:58,5,0,1
BRDA:58,5,1,0
BRDA:80,6,0,13
BRDA:80,6,1,0
BRDA:81,7,0,13
BRDA:81,7,1,0
BRDA:82,8,0,0
BRDA:82,8,1,13
BRDA:86,9,0,0
BRDA:86,9,1,0
BRDA:90,10,0,0
BRDA:90,10,1,0
BRDA:96,11,0,0
BRDA:96,11,1,0
BRDA:97,12,0,0
BRDA:97,12,1,0
BRDA:110,13,0,13
BRDA:110,13,1,8
BRDA:111,14,0,13
BRDA:111,14,1,12
BRDA:113,15,0,5
BRDA:113,15,1,8
BRDA:113,16,0,13
BRDA:113,16,1,5
BRDA:121,17,0,5
BRDA:121,17,1,0
BRDA:121,18,0,5
BRDA:121,18,1,5
BRDA:121,18,2,5
BRDA:133,19,0,1
BRDA:133,19,1,4
BRDA:143,20,0,1
BRDA:143,20,1,7
BRDA:154,21,0,1
BRDA:154,21,1,6
BRDA:179,22,0,0
BRDA:179,22,1,6
BRDA:195,23,0,1
BRDA:195,23,1,0
BRDA:195,24,0,1
BRDA:195,24,1,1
BRDA:213,25,0,9
BRDA:213,25,1,4
BRDA:217,26,0,7
BRDA:217,26,1,2
BRDA:217,27,0,9
BRDA:217,27,1,5
BRF:57
BRH:35
end_of_record
